<?xml version="1.0" encoding="utf-8" standalone="no"?>
<!--This file represents the results of running a test suite-->
<test-results name="D:\work\personal\NDistribUnit\source\builds\Debug\_Storage.Agent\Temporary\0f7168ab-8df1-4b46-90a8-5bd013528d7d\unpacked\NDistribUnit.SampleTestAssembly.dll" total="4" errors="0" failures="0" not-run="0" inconclusive="0" ignored="0" skipped="0" invalid="0" date="2011-11-18" time="16:48:28">
  <environment nunit-version="2.5.10.0" clr-version="4.0.30319.239" os-version="Microsoft Windows NT 6.1.7601 Service Pack 1" platform="Win32NT" cwd="D:\work\personal\NDistribUnit\source\NDistribUnit.Server\bin\Debug" machine-name="EPBYMINW1560" user="Alexander_Yezutov" user-domain="MINSK" />
  <culture-info current-culture="en-US" current-uiculture="en-US" />
  <test-suite type="Test Project" name="D:\work\personal\NDistribUnit\source\builds\Debug\_Storage.Agent\Temporary\0f7168ab-8df1-4b46-90a8-5bd013528d7d\unpacked\NDistribUnit.SampleTestAssembly.dll" executed="True" result="Success" success="True" time="0.449" asserts="0">
    <results>
      <test-suite type="Assembly" name="D:\work\personal\NDistribUnit\source\builds\Debug\_Storage.Agent\Temporary\0f7168ab-8df1-4b46-90a8-5bd013528d7d\unpacked\NDistribUnit.SampleTestAssembly.dll" executed="True" result="Success" success="True" time="0.060" asserts="0">
        <results>
          <test-suite type="Namespace" name="NDistribUnit" executed="True" result="Success" success="True" time="0.047" asserts="0">
            <results>
              <test-suite type="Namespace" name="SampleTestAssembly" executed="True" result="Success" success="True" time="0.047" asserts="0">
                <results>
                  <test-suite type="Namespace" name="CategorizedTests" executed="True" result="Success" success="True" time="0.046" asserts="0">
                    <results>
                      <test-suite type="TestFixture" name="TestFixtureWithGroup1CategoryAndCategoriesOnTests" executed="True" result="Success" success="True" time="0.044" asserts="0">
                        <categories>
                          <category name="Group1" />
                        </categories>
                        <results>
                          <test-case name="NDistribUnit.SampleTestAssembly.CategorizedTests.TestFixtureWithGroup1CategoryAndCategoriesOnTests.TestWithGroup1Category" executed="True" result="Success" success="True" time="0.017" asserts="0">
                            <categories>
                              <category name="Group1" />
                            </categories>
                          </test-case>
                          <test-case name="NDistribUnit.SampleTestAssembly.CategorizedTests.TestFixtureWithGroup1CategoryAndCategoriesOnTests.TestWithGroup1Group2Category" executed="True" result="Success" success="True" time="0.001" asserts="0">
                            <categories>
                              <category name="Group1" />
                              <category name="Group2" />
                            </categories>
                          </test-case>
                          <test-case name="NDistribUnit.SampleTestAssembly.CategorizedTests.TestFixtureWithGroup1CategoryAndCategoriesOnTests.TestWithGroup2Category" executed="True" result="Success" success="True" time="0.000" asserts="0">
                            <categories>
                              <category name="Group2" />
                            </categories>
                          </test-case>
                          <test-case name="NDistribUnit.SampleTestAssembly.CategorizedTests.TestFixtureWithGroup1CategoryAndCategoriesOnTests.TestWithNoCategories" executed="True" result="Success" success="True" time="0.000" asserts="0" />
                        </results>
                      </test-suite>
                    </results>
                  </test-suite>
                </results>
              </test-suite>
            </results>
          </test-suite>
        </results>
      </test-suite>
    </results>
  </test-suite>
</test-results>