<?xml version="1.0" encoding="utf-8" standalone="no"?>
<!--This file represents the results of running a test suite-->
<test-results name="" total="0" errors="0" failures="0" not-run="214" inconclusive="0" ignored="0" skipped="0" invalid="214" date="2012-01-19" time="12:17:38">
  <environment nunit-version="2.5.10.0" clr-version="4.0.30319.239" os-version="Microsoft Windows NT 6.1.7601 Service Pack 1" platform="Win32NT" cwd="D:\work\personal\NDistribUnit\source\NDistribUnit.Server\bin\Debug" machine-name="EPBYMINW1560" user="Alexander_Yezutov" user-domain="MINSK" />
  <culture-info current-culture="en-US" current-uiculture="en-US" />
  <test-suite type="Project" name="" executed="True" result="Inconclusive" success="False" time="0.000" asserts="0">
    <results>
      <test-suite type="Assembly" name="D:\work\personal\NDistribUnit\source\builds\Debug\_Storage.Server\Permanent\O2I-UI-Tests-33.00.3.6-5\unpacked\UI.Test.dll" executed="False" result="NotRunnable">
        <reason>
          <message><![CDATA[Exception of type 'NDistribUnit.Common.TestExecution.Exceptions.NoAvailableAgentsException' was thrown.]]></message>
        </reason>
        <results>
          <test-suite type="Namespace" name="TRR" executed="False" result="NotRunnable">
            <reason>
              <message><![CDATA[Exception of type 'NDistribUnit.Common.TestExecution.Exceptions.NoAvailableAgentsException' was thrown.]]></message>
            </reason>
            <results>
              <test-suite type="Namespace" name="TRR.O2I" executed="False" result="NotRunnable">
                <reason>
                  <message><![CDATA[Exception of type 'NDistribUnit.Common.TestExecution.Exceptions.NoAvailableAgentsException' was thrown.]]></message>
                </reason>
                <results>
                  <test-suite type="Namespace" name="TRR.O2I.UI" executed="False" result="NotRunnable">
                    <reason>
                      <message><![CDATA[Exception of type 'NDistribUnit.Common.TestExecution.Exceptions.NoAvailableAgentsException' was thrown.]]></message>
                    </reason>
                    <results>
                      <test-suite type="Namespace" name="TRR.O2I.UI.General" executed="False" result="NotRunnable">
                        <reason>
                          <message><![CDATA[Exception of type 'NDistribUnit.Common.TestExecution.Exceptions.NoAvailableAgentsException' was thrown.]]></message>
                        </reason>
                        <results>
                          <test-suite type="Namespace" name="TRR.O2I.UI.General.Mixed" executed="False" result="NotRunnable">
                            <reason>
                              <message><![CDATA[Exception of type 'NDistribUnit.Common.TestExecution.Exceptions.NoAvailableAgentsException' was thrown.]]></message>
                            </reason>
                            <results>
                              <test-suite type="Namespace" name="TRR.O2I.UI.General.Mixed.FlippingXML" executed="False" result="NotRunnable">
                                <reason>
                                  <message><![CDATA[Exception of type 'NDistribUnit.Common.TestExecution.Exceptions.NoAvailableAgentsException' was thrown.]]></message>
                                </reason>
                                <results>
                                  <test-suite type="Namespace" name="TRR.O2I.UI.General.Mixed.FlippingXML.NonPOInv" executed="False" result="NotRunnable">
                                    <reason>
                                      <message><![CDATA[Exception of type 'NDistribUnit.Common.TestExecution.Exceptions.NoAvailableAgentsException' was thrown.]]></message>
                                    </reason>
                                    <results>
                                      <test-suite type="TestFixture" name="TRR.O2I.UI.General.Mixed.FlippingXML.NonPOInv.FlippingNonPoTestBase(Canada)" executed="False" result="NotRunnable">
                                        <reason>
                                          <message><![CDATA[Exception of type 'NDistribUnit.Common.TestExecution.Exceptions.NoAvailableAgentsException' was thrown.]]></message>
                                        </reason>
                                        <results>
                                          <test-case name="TRR.O2I.UI.General.Mixed.FlippingXML.NonPOInv.FlippingNonPoTestBase(Canada).CheckXml" executed="False" result="NotRunnable">
                                            <categories>
                                              <category name="XML" />
                                            </categories>
                                            <properties>
                                              <property name="tc_external_id" value="O2I_UIT-1032" />
                                            </properties>
                                            <reason>
                                              <message><![CDATA[Exception of type 'NDistribUnit.Common.TestExecution.Exceptions.NoAvailableAgentsException' was thrown.]]></message>
                                            </reason>
                                          </test-case>
                                        </results>
                                      </test-suite>
                                      <test-suite type="TestFixture" name="TRR.O2I.UI.General.Mixed.FlippingXML.NonPOInv.FlippingNonPoTestBase(France)" executed="False" result="NotRunnable">
                                        <reason>
                                          <message><![CDATA[Exception of type 'NDistribUnit.Common.TestExecution.Exceptions.NoAvailableAgentsException' was thrown.]]></message>
                                        </reason>
                                        <results>
                                          <test-case name="TRR.O2I.UI.General.Mixed.FlippingXML.NonPOInv.FlippingNonPoTestBase(France).CheckXml" executed="False" result="NotRunnable">
                                            <categories>
                                              <category name="XML" />
                                            </categories>
                                            <properties>
                                              <property name="tc_external_id" value="O2I_UIT-1032" />
                                            </properties>
                                            <reason>
                                              <message><![CDATA[Exception of type 'NDistribUnit.Common.TestExecution.Exceptions.NoAvailableAgentsException' was thrown.]]></message>
                                            </reason>
                                          </test-case>
                                        </results>
                                      </test-suite>
                                      <test-suite type="TestFixture" name="TRR.O2I.UI.General.Mixed.FlippingXML.NonPOInv.FlippingNonPoTestBase(Germany)" executed="False" result="NotRunnable">
                                        <reason>
                                          <message><![CDATA[Exception of type 'NDistribUnit.Common.TestExecution.Exceptions.NoAvailableAgentsException' was thrown.]]></message>
                                        </reason>
                                        <results>
                                          <test-case name="TRR.O2I.UI.General.Mixed.FlippingXML.NonPOInv.FlippingNonPoTestBase(Germany).CheckXml" executed="False" result="NotRunnable">
                                            <categories>
                                              <category name="XML" />
                                            </categories>
                                            <properties>
                                              <property name="tc_external_id" value="O2I_UIT-1032" />
                                            </properties>
                                            <reason>
                                              <message><![CDATA[Exception of type 'NDistribUnit.Common.TestExecution.Exceptions.NoAvailableAgentsException' was thrown.]]></message>
                                            </reason>
                                          </test-case>
                                        </results>
                                      </test-suite>
                                      <test-suite type="TestFixture" name="TRR.O2I.UI.General.Mixed.FlippingXML.NonPOInv.FlippingNonPoTestBase(Netherlands)" executed="False" result="NotRunnable">
                                        <reason>
                                          <message><![CDATA[Exception of type 'NDistribUnit.Common.TestExecution.Exceptions.NoAvailableAgentsException' was thrown.]]></message>
                                        </reason>
                                        <results>
                                          <test-case name="TRR.O2I.UI.General.Mixed.FlippingXML.NonPOInv.FlippingNonPoTestBase(Netherlands).CheckXml" executed="False" result="NotRunnable">
                                            <categories>
                                              <category name="XML" />
                                            </categories>
                                            <properties>
                                              <property name="tc_external_id" value="O2I_UIT-1032" />
                                            </properties>
                                            <reason>
                                              <message><![CDATA[Exception of type 'NDistribUnit.Common.TestExecution.Exceptions.NoAvailableAgentsException' was thrown.]]></message>
                                            </reason>
                                          </test-case>
                                        </results>
                                      </test-suite>
                                      <test-suite type="TestFixture" name="TRR.O2I.UI.General.Mixed.FlippingXML.NonPOInv.FlippingNonPoTestBase(Norway)" executed="False" result="NotRunnable">
                                        <reason>
                                          <message><![CDATA[Exception of type 'NDistribUnit.Common.TestExecution.Exceptions.NoAvailableAgentsException' was thrown.]]></message>
                                        </reason>
                                        <results>
                                          <test-case name="TRR.O2I.UI.General.Mixed.FlippingXML.NonPOInv.FlippingNonPoTestBase(Norway).CheckXml" executed="False" result="NotRunnable">
                                            <categories>
                                              <category name="XML" />
                                            </categories>
                                            <properties>
                                              <property name="tc_external_id" value="O2I_UIT-1032" />
                                            </properties>
                                            <reason>
                                              <message><![CDATA[Exception of type 'NDistribUnit.Common.TestExecution.Exceptions.NoAvailableAgentsException' was thrown.]]></message>
                                            </reason>
                                          </test-case>
                                        </results>
                                      </test-suite>
                                      <test-suite type="TestFixture" name="TRR.O2I.UI.General.Mixed.FlippingXML.NonPOInv.FlippingNonPoTestBase(Other)" executed="False" result="NotRunnable">
                                        <reason>
                                          <message><![CDATA[Exception of type 'NDistribUnit.Common.TestExecution.Exceptions.NoAvailableAgentsException' was thrown.]]></message>
                                        </reason>
                                        <results>
                                          <test-case name="TRR.O2I.UI.General.Mixed.FlippingXML.NonPOInv.FlippingNonPoTestBase(Other).CheckXml" executed="False" result="NotRunnable">
                                            <categories>
                                              <category name="XML" />
                                            </categories>
                                            <properties>
                                              <property name="tc_external_id" value="O2I_UIT-1032" />
                                            </properties>
                                            <reason>
                                              <message><![CDATA[Exception of type 'NDistribUnit.Common.TestExecution.Exceptions.NoAvailableAgentsException' was thrown.]]></message>
                                            </reason>
                                          </test-case>
                                        </results>
                                      </test-suite>
                                      <test-suite type="TestFixture" name="TRR.O2I.UI.General.Mixed.FlippingXML.NonPOInv.FlippingNonPoTestBase(Spain)" executed="False" result="NotRunnable">
                                        <reason>
                                          <message><![CDATA[Exception of type 'NDistribUnit.Common.TestExecution.Exceptions.NoAvailableAgentsException' was thrown.]]></message>
                                        </reason>
                                        <results>
                                          <test-case name="TRR.O2I.UI.General.Mixed.FlippingXML.NonPOInv.FlippingNonPoTestBase(Spain).CheckXml" executed="False" result="NotRunnable">
                                            <categories>
                                              <category name="XML" />
                                            </categories>
                                            <properties>
                                              <property name="tc_external_id" value="O2I_UIT-1032" />
                                            </properties>
                                            <reason>
                                              <message><![CDATA[Exception of type 'NDistribUnit.Common.TestExecution.Exceptions.NoAvailableAgentsException' was thrown.]]></message>
                                            </reason>
                                          </test-case>
                                        </results>
                                      </test-suite>
                                      <test-suite type="TestFixture" name="TRR.O2I.UI.General.Mixed.FlippingXML.NonPOInv.FlippingNonPoTestBase(Switzerland)" executed="False" result="NotRunnable">
                                        <reason>
                                          <message><![CDATA[Exception of type 'NDistribUnit.Common.TestExecution.Exceptions.NoAvailableAgentsException' was thrown.]]></message>
                                        </reason>
                                        <results>
                                          <test-case name="TRR.O2I.UI.General.Mixed.FlippingXML.NonPOInv.FlippingNonPoTestBase(Switzerland).CheckXml" executed="False" result="NotRunnable">
                                            <categories>
                                              <category name="XML" />
                                            </categories>
                                            <properties>
                                              <property name="tc_external_id" value="O2I_UIT-1032" />
                                            </properties>
                                            <reason>
                                              <message><![CDATA[Exception of type 'NDistribUnit.Common.TestExecution.Exceptions.NoAvailableAgentsException' was thrown.]]></message>
                                            </reason>
                                          </test-case>
                                        </results>
                                      </test-suite>
                                      <test-suite type="TestFixture" name="TRR.O2I.UI.General.Mixed.FlippingXML.NonPOInv.FlippingNonPoTestBase(UnitedKingdom)" executed="False" result="NotRunnable">
                                        <reason>
                                          <message><![CDATA[Exception of type 'NDistribUnit.Common.TestExecution.Exceptions.NoAvailableAgentsException' was thrown.]]></message>
                                        </reason>
                                        <results>
                                          <test-case name="TRR.O2I.UI.General.Mixed.FlippingXML.NonPOInv.FlippingNonPoTestBase(UnitedKingdom).CheckXml" executed="False" result="NotRunnable">
                                            <categories>
                                              <category name="XML" />
                                            </categories>
                                            <properties>
                                              <property name="tc_external_id" value="O2I_UIT-1032" />
                                            </properties>
                                            <reason>
                                              <message><![CDATA[Exception of type 'NDistribUnit.Common.TestExecution.Exceptions.NoAvailableAgentsException' was thrown.]]></message>
                                            </reason>
                                          </test-case>
                                        </results>
                                      </test-suite>
                                      <test-suite type="TestFixture" name="TRR.O2I.UI.General.Mixed.FlippingXML.NonPOInv.FlippingNonPoTestBase(USA)" executed="False" result="NotRunnable">
                                        <reason>
                                          <message><![CDATA[Exception of type 'NDistribUnit.Common.TestExecution.Exceptions.NoAvailableAgentsException' was thrown.]]></message>
                                        </reason>
                                        <results>
                                          <test-case name="TRR.O2I.UI.General.Mixed.FlippingXML.NonPOInv.FlippingNonPoTestBase(USA).CheckXml" executed="False" result="NotRunnable">
                                            <categories>
                                              <category name="XML" />
                                            </categories>
                                            <properties>
                                              <property name="tc_external_id" value="O2I_UIT-1032" />
                                            </properties>
                                            <reason>
                                              <message><![CDATA[Exception of type 'NDistribUnit.Common.TestExecution.Exceptions.NoAvailableAgentsException' was thrown.]]></message>
                                            </reason>
                                          </test-case>
                                        </results>
                                      </test-suite>
                                      <test-suite type="TestFixture" name="TRR.O2I.UI.General.Mixed.FlippingXML.NonPOInv.FlippingNonPoWithoutPoName(Belgium)" executed="False" result="NotRunnable">
                                        <reason>
                                          <message><![CDATA[Exception of type 'NDistribUnit.Common.TestExecution.Exceptions.NoAvailableAgentsException' was thrown.]]></message>
                                        </reason>
                                        <results>
                                          <test-case name="TRR.O2I.UI.General.Mixed.FlippingXML.NonPOInv.FlippingNonPoWithoutPoName(Belgium).CheckXml" executed="False" result="NotRunnable">
                                            <categories>
                                              <category name="XML" />
                                            </categories>
                                            <properties>
                                              <property name="tc_external_id" value="O2I_UIT-1031" />
                                            </properties>
                                            <reason>
                                              <message><![CDATA[Exception of type 'NDistribUnit.Common.TestExecution.Exceptions.NoAvailableAgentsException' was thrown.]]></message>
                                            </reason>
                                          </test-case>
                                        </results>
                                      </test-suite>
                                      <test-suite type="TestFixture" name="TRR.O2I.UI.General.Mixed.FlippingXML.NonPOInv.FlippingNonPoWithoutPoName(Canada)" executed="False" result="NotRunnable">
                                        <reason>
                                          <message><![CDATA[Exception of type 'NDistribUnit.Common.TestExecution.Exceptions.NoAvailableAgentsException' was thrown.]]></message>
                                        </reason>
                                        <results>
                                          <test-case name="TRR.O2I.UI.General.Mixed.FlippingXML.NonPOInv.FlippingNonPoWithoutPoName(Canada).CheckXml" executed="False" result="NotRunnable">
                                            <categories>
                                              <category name="XML" />
                                            </categories>
                                            <properties>
                                              <property name="tc_external_id" value="O2I_UIT-1031" />
                                            </properties>
                                            <reason>
                                              <message><![CDATA[Exception of type 'NDistribUnit.Common.TestExecution.Exceptions.NoAvailableAgentsException' was thrown.]]></message>
                                            </reason>
                                          </test-case>
                                        </results>
                                      </test-suite>
                                      <test-suite type="TestFixture" name="TRR.O2I.UI.General.Mixed.FlippingXML.NonPOInv.FlippingNonPoWithoutPoName(France)" executed="False" result="NotRunnable">
                                        <reason>
                                          <message><![CDATA[Exception of type 'NDistribUnit.Common.TestExecution.Exceptions.NoAvailableAgentsException' was thrown.]]></message>
                                        </reason>
                                        <results>
                                          <test-case name="TRR.O2I.UI.General.Mixed.FlippingXML.NonPOInv.FlippingNonPoWithoutPoName(France).CheckXml" executed="False" result="NotRunnable">
                                            <categories>
                                              <category name="XML" />
                                            </categories>
                                            <properties>
                                              <property name="tc_external_id" value="O2I_UIT-1031" />
                                            </properties>
                                            <reason>
                                              <message><![CDATA[Exception of type 'NDistribUnit.Common.TestExecution.Exceptions.NoAvailableAgentsException' was thrown.]]></message>
                                            </reason>
                                          </test-case>
                                        </results>
                                      </test-suite>
                                      <test-suite type="TestFixture" name="TRR.O2I.UI.General.Mixed.FlippingXML.NonPOInv.FlippingNonPoWithoutPoName(Germany)" executed="False" result="NotRunnable">
                                        <reason>
                                          <message><![CDATA[Exception of type 'NDistribUnit.Common.TestExecution.Exceptions.NoAvailableAgentsException' was thrown.]]></message>
                                        </reason>
                                        <results>
                                          <test-case name="TRR.O2I.UI.General.Mixed.FlippingXML.NonPOInv.FlippingNonPoWithoutPoName(Germany).CheckXml" executed="False" result="NotRunnable">
                                            <categories>
                                              <category name="XML" />
                                            </categories>
                                            <properties>
                                              <property name="tc_external_id" value="O2I_UIT-1031" />
                                            </properties>
                                            <reason>
                                              <message><![CDATA[Exception of type 'NDistribUnit.Common.TestExecution.Exceptions.NoAvailableAgentsException' was thrown.]]></message>
                                            </reason>
                                          </test-case>
                                        </results>
                                      </test-suite>
                                      <test-suite type="TestFixture" name="TRR.O2I.UI.General.Mixed.FlippingXML.NonPOInv.FlippingNonPoWithoutPoName(Netherlands)" executed="False" result="NotRunnable">
                                        <reason>
                                          <message><![CDATA[Exception of type 'NDistribUnit.Common.TestExecution.Exceptions.NoAvailableAgentsException' was thrown.]]></message>
                                        </reason>
                                        <results>
                                          <test-case name="TRR.O2I.UI.General.Mixed.FlippingXML.NonPOInv.FlippingNonPoWithoutPoName(Netherlands).CheckXml" executed="False" result="NotRunnable">
                                            <categories>
                                              <category name="XML" />
                                            </categories>
                                            <properties>
                                              <property name="tc_external_id" value="O2I_UIT-1031" />
                                            </properties>
                                            <reason>
                                              <message><![CDATA[Exception of type 'NDistribUnit.Common.TestExecution.Exceptions.NoAvailableAgentsException' was thrown.]]></message>
                                            </reason>
                                          </test-case>
                                        </results>
                                      </test-suite>
                                      <test-suite type="TestFixture" name="TRR.O2I.UI.General.Mixed.FlippingXML.NonPOInv.FlippingNonPoWithoutPoName(Norway)" executed="False" result="NotRunnable">
                                        <reason>
                                          <message><![CDATA[Exception of type 'NDistribUnit.Common.TestExecution.Exceptions.NoAvailableAgentsException' was thrown.]]></message>
                                        </reason>
                                        <results>
                                          <test-case name="TRR.O2I.UI.General.Mixed.FlippingXML.NonPOInv.FlippingNonPoWithoutPoName(Norway).CheckXml" executed="False" result="NotRunnable">
                                            <categories>
                                              <category name="XML" />
                                            </categories>
                                            <properties>
                                              <property name="tc_external_id" value="O2I_UIT-1031" />
                                            </properties>
                                            <reason>
                                              <message><![CDATA[Exception of type 'NDistribUnit.Common.TestExecution.Exceptions.NoAvailableAgentsException' was thrown.]]></message>
                                            </reason>
                                          </test-case>
                                        </results>
                                      </test-suite>
                                      <test-suite type="TestFixture" name="TRR.O2I.UI.General.Mixed.FlippingXML.NonPOInv.FlippingNonPoWithoutPoName(Other)" executed="False" result="NotRunnable">
                                        <reason>
                                          <message><![CDATA[Exception of type 'NDistribUnit.Common.TestExecution.Exceptions.NoAvailableAgentsException' was thrown.]]></message>
                                        </reason>
                                        <results>
                                          <test-case name="TRR.O2I.UI.General.Mixed.FlippingXML.NonPOInv.FlippingNonPoWithoutPoName(Other).CheckXml" executed="False" result="NotRunnable">
                                            <categories>
                                              <category name="XML" />
                                            </categories>
                                            <properties>
                                              <property name="tc_external_id" value="O2I_UIT-1031" />
                                            </properties>
                                            <reason>
                                              <message><![CDATA[Exception of type 'NDistribUnit.Common.TestExecution.Exceptions.NoAvailableAgentsException' was thrown.]]></message>
                                            </reason>
                                          </test-case>
                                        </results>
                                      </test-suite>
                                      <test-suite type="TestFixture" name="TRR.O2I.UI.General.Mixed.FlippingXML.NonPOInv.FlippingNonPoWithoutPoName(Spain)" executed="False" result="NotRunnable">
                                        <reason>
                                          <message><![CDATA[Exception of type 'NDistribUnit.Common.TestExecution.Exceptions.NoAvailableAgentsException' was thrown.]]></message>
                                        </reason>
                                        <results>
                                          <test-case name="TRR.O2I.UI.General.Mixed.FlippingXML.NonPOInv.FlippingNonPoWithoutPoName(Spain).CheckXml" executed="False" result="NotRunnable">
                                            <categories>
                                              <category name="XML" />
                                            </categories>
                                            <properties>
                                              <property name="tc_external_id" value="O2I_UIT-1031" />
                                            </properties>
                                            <reason>
                                              <message><![CDATA[Exception of type 'NDistribUnit.Common.TestExecution.Exceptions.NoAvailableAgentsException' was thrown.]]></message>
                                            </reason>
                                          </test-case>
                                        </results>
                                      </test-suite>
                                      <test-suite type="TestFixture" name="TRR.O2I.UI.General.Mixed.FlippingXML.NonPOInv.FlippingNonPoWithoutPoName(Switzerland)" executed="False" result="NotRunnable">
                                        <reason>
                                          <message><![CDATA[Exception of type 'NDistribUnit.Common.TestExecution.Exceptions.NoAvailableAgentsException' was thrown.]]></message>
                                        </reason>
                                        <results>
                                          <test-case name="TRR.O2I.UI.General.Mixed.FlippingXML.NonPOInv.FlippingNonPoWithoutPoName(Switzerland).CheckXml" executed="False" result="NotRunnable">
                                            <categories>
                                              <category name="XML" />
                                            </categories>
                                            <properties>
                                              <property name="tc_external_id" value="O2I_UIT-1031" />
                                            </properties>
                                            <reason>
                                              <message><![CDATA[Exception of type 'NDistribUnit.Common.TestExecution.Exceptions.NoAvailableAgentsException' was thrown.]]></message>
                                            </reason>
                                          </test-case>
                                        </results>
                                      </test-suite>
                                      <test-suite type="TestFixture" name="TRR.O2I.UI.General.Mixed.FlippingXML.NonPOInv.FlippingNonPoWithoutPoName(UnitedKingdom)" executed="False" result="NotRunnable">
                                        <reason>
                                          <message><![CDATA[Exception of type 'NDistribUnit.Common.TestExecution.Exceptions.NoAvailableAgentsException' was thrown.]]></message>
                                        </reason>
                                        <results>
                                          <test-case name="TRR.O2I.UI.General.Mixed.FlippingXML.NonPOInv.FlippingNonPoWithoutPoName(UnitedKingdom).CheckXml" executed="False" result="NotRunnable">
                                            <categories>
                                              <category name="XML" />
                                            </categories>
                                            <properties>
                                              <property name="tc_external_id" value="O2I_UIT-1031" />
                                            </properties>
                                            <reason>
                                              <message><![CDATA[Exception of type 'NDistribUnit.Common.TestExecution.Exceptions.NoAvailableAgentsException' was thrown.]]></message>
                                            </reason>
                                          </test-case>
                                        </results>
                                      </test-suite>
                                      <test-suite type="TestFixture" name="TRR.O2I.UI.General.Mixed.FlippingXML.NonPOInv.FlippingNonPoWithoutPoName(USA)" executed="False" result="NotRunnable">
                                        <reason>
                                          <message><![CDATA[Exception of type 'NDistribUnit.Common.TestExecution.Exceptions.NoAvailableAgentsException' was thrown.]]></message>
                                        </reason>
                                        <results>
                                          <test-case name="TRR.O2I.UI.General.Mixed.FlippingXML.NonPOInv.FlippingNonPoWithoutPoName(USA).CheckXml" executed="False" result="NotRunnable">
                                            <categories>
                                              <category name="XML" />
                                            </categories>
                                            <properties>
                                              <property name="tc_external_id" value="O2I_UIT-1031" />
                                            </properties>
                                            <reason>
                                              <message><![CDATA[Exception of type 'NDistribUnit.Common.TestExecution.Exceptions.NoAvailableAgentsException' was thrown.]]></message>
                                            </reason>
                                          </test-case>
                                        </results>
                                      </test-suite>
                                      <test-suite type="TestFixture" name="TRR.O2I.UI.General.Mixed.FlippingXML.NonPOInv.FlippingNonPoTestBase(Belgium)" executed="False" result="NotRunnable">
                                        <reason>
                                          <message><![CDATA[Exception of type 'NDistribUnit.Common.TestExecution.Exceptions.NoAvailableAgentsException' was thrown.]]></message>
                                        </reason>
                                        <results>
                                          <test-case name="TRR.O2I.UI.General.Mixed.FlippingXML.NonPOInv.FlippingNonPoTestBase(Belgium).CheckXml" executed="False" result="NotRunnable">
                                            <categories>
                                              <category name="XML" />
                                            </categories>
                                            <properties>
                                              <property name="tc_external_id" value="O2I_UIT-1032" />
                                            </properties>
                                            <reason>
                                              <message><![CDATA[Exception of type 'NDistribUnit.Common.TestExecution.Exceptions.NoAvailableAgentsException' was thrown.]]></message>
                                            </reason>
                                          </test-case>
                                        </results>
                                      </test-suite>
                                    </results>
                                  </test-suite>
                                </results>
                              </test-suite>
                            </results>
                          </test-suite>
                        </results>
                      </test-suite>
                      <test-suite type="Namespace" name="TRR.O2I.UI.SmokeTest_Old" executed="False" result="NotRunnable">
                        <reason>
                          <message><![CDATA[Exception of type 'NDistribUnit.Common.TestExecution.Exceptions.NoAvailableAgentsException' was thrown.]]></message>
                        </reason>
                        <results>
                          <test-suite type="Namespace" name="TRR.O2I.UI.SmokeTest_Old.ChangeOrderTests" executed="False" result="NotRunnable">
                            <reason>
                              <message><![CDATA[Exception of type 'NDistribUnit.Common.TestExecution.Exceptions.NoAvailableAgentsException' was thrown.]]></message>
                            </reason>
                            <results>
                              <test-suite type="TestFixture" name="TRR.O2I.UI.SmokeTest_Old.ChangeOrderTests.ChangeOrderTrip1PoMaxCoMaxTests" executed="False" result="NotRunnable">
                                <reason>
                                  <message><![CDATA[Exception of type 'NDistribUnit.Common.TestExecution.Exceptions.NoAvailableAgentsException' was thrown.]]></message>
                                </reason>
                                <results>
                                  <test-case name="TRR.O2I.UI.SmokeTest_Old.ChangeOrderTests.ChangeOrderTrip1PoMaxCoMaxTests.ChangeOrderBaseTestsWithCor.DownloadCorXml" executed="False" result="NotRunnable">
                                    <categories>
                                      <category name="XML" />
                                    </categories>
                                    <reason>
                                      <message><![CDATA[Exception of type 'NDistribUnit.Common.TestExecution.Exceptions.NoAvailableAgentsException' was thrown.]]></message>
                                    </reason>
                                  </test-case>
                                </results>
                              </test-suite>
                              <test-suite type="TestFixture" name="TRR.O2I.UI.SmokeTest_Old.ChangeOrderTests.ChangeOrderTrip1PoMaxCoNoLinesTest" executed="False" result="NotRunnable">
                                <reason>
                                  <message><![CDATA[Exception of type 'NDistribUnit.Common.TestExecution.Exceptions.NoAvailableAgentsException' was thrown.]]></message>
                                </reason>
                                <results>
                                  <test-case name="TRR.O2I.UI.SmokeTest_Old.ChangeOrderTests.ChangeOrderTrip1PoMaxCoNoLinesTest.ChangeOrderBaseTestsWithCor.DownloadCorXml" executed="False" result="NotRunnable">
                                    <categories>
                                      <category name="XML" />
                                    </categories>
                                    <reason>
                                      <message><![CDATA[Exception of type 'NDistribUnit.Common.TestExecution.Exceptions.NoAvailableAgentsException' was thrown.]]></message>
                                    </reason>
                                  </test-case>
                                </results>
                              </test-suite>
                              <test-suite type="TestFixture" name="TRR.O2I.UI.SmokeTest_Old.ChangeOrderTests.ChangeOrderTrip1PoMoreThan20CoMoreThan20" executed="False" result="NotRunnable">
                                <reason>
                                  <message><![CDATA[Exception of type 'NDistribUnit.Common.TestExecution.Exceptions.NoAvailableAgentsException' was thrown.]]></message>
                                </reason>
                                <results>
                                  <test-case name="TRR.O2I.UI.SmokeTest_Old.ChangeOrderTests.ChangeOrderTrip1PoMoreThan20CoMoreThan20.ChangeOrderBaseTestsWithCor.DownloadCorXml" executed="False" result="NotRunnable">
                                    <categories>
                                      <category name="XML" />
                                    </categories>
                                    <reason>
                                      <message><![CDATA[Exception of type 'NDistribUnit.Common.TestExecution.Exceptions.NoAvailableAgentsException' was thrown.]]></message>
                                    </reason>
                                  </test-case>
                                </results>
                              </test-suite>
                              <test-suite type="TestFixture" name="TRR.O2I.UI.SmokeTest_Old.ChangeOrderTests.ChangeOrderTrip1Tests" executed="False" result="NotRunnable">
                                <reason>
                                  <message><![CDATA[Exception of type 'NDistribUnit.Common.TestExecution.Exceptions.NoAvailableAgentsException' was thrown.]]></message>
                                </reason>
                                <results>
                                  <test-case name="TRR.O2I.UI.SmokeTest_Old.ChangeOrderTests.ChangeOrderTrip1Tests.ChangeOrderBaseTestsWithCor.DownloadCorXml" executed="False" result="NotRunnable">
                                    <categories>
                                      <category name="XML" />
                                    </categories>
                                    <reason>
                                      <message><![CDATA[Exception of type 'NDistribUnit.Common.TestExecution.Exceptions.NoAvailableAgentsException' was thrown.]]></message>
                                    </reason>
                                  </test-case>
                                </results>
                              </test-suite>
                            </results>
                          </test-suite>
                          <test-suite type="TestFixture" name="TRR.O2I.UI.SmokeTest_Old.CreditAdviceAcceptanceTests" executed="False" result="NotRunnable">
                            <reason>
                              <message><![CDATA[Exception of type 'NDistribUnit.Common.TestExecution.Exceptions.NoAvailableAgentsException' was thrown.]]></message>
                            </reason>
                            <results>
                              <test-case name="TRR.O2I.UI.SmokeTest_Old.CreditAdviceAcceptanceTests.DowmloadCreditAdviceXmlFromDetailsPage" executed="False" result="NotRunnable">
                                <categories>
                                  <category name="XML" />
                                </categories>
                                <reason>
                                  <message><![CDATA[Exception of type 'NDistribUnit.Common.TestExecution.Exceptions.NoAvailableAgentsException' was thrown.]]></message>
                                </reason>
                              </test-case>
                              <test-case name="TRR.O2I.UI.SmokeTest_Old.CreditAdviceAcceptanceTests.DownloadCreditAdviceXmlFromSearchPage" executed="False" result="NotRunnable">
                                <categories>
                                  <category name="XML" />
                                </categories>
                                <reason>
                                  <message><![CDATA[Exception of type 'NDistribUnit.Common.TestExecution.Exceptions.NoAvailableAgentsException' was thrown.]]></message>
                                </reason>
                              </test-case>
                            </results>
                          </test-suite>
                          <test-suite type="Namespace" name="TRR.O2I.UI.SmokeTest_Old.InvoiceFromGrTests" executed="False" result="NotRunnable">
                            <reason>
                              <message><![CDATA[Exception of type 'NDistribUnit.Common.TestExecution.Exceptions.NoAvailableAgentsException' was thrown.]]></message>
                            </reason>
                            <results>
                              <test-suite type="Namespace" name="TRR.O2I.UI.SmokeTest_Old.InvoiceFromGrTests.Belgium" executed="False" result="NotRunnable">
                                <reason>
                                  <message><![CDATA[Exception of type 'NDistribUnit.Common.TestExecution.Exceptions.NoAvailableAgentsException' was thrown.]]></message>
                                </reason>
                                <results>
                                  <test-suite type="TestFixture" name="TRR.O2I.UI.SmokeTest_Old.InvoiceFromGrTests.Belgium.InvoiceTestsBelgium" executed="False" result="NotRunnable">
                                    <reason>
                                      <message><![CDATA[Exception of type 'NDistribUnit.Common.TestExecution.Exceptions.NoAvailableAgentsException' was thrown.]]></message>
                                    </reason>
                                    <results>
                                      <test-case name="TRR.O2I.UI.SmokeTest_Old.InvoiceFromGrTests.Belgium.InvoiceTestsBelgium.InvoiceFromGrBaseTests.DownloadInvoiceXml" executed="False" result="NotRunnable">
                                        <categories>
                                          <category name="XML" />
                                        </categories>
                                        <reason>
                                          <message><![CDATA[Exception of type 'NDistribUnit.Common.TestExecution.Exceptions.NoAvailableAgentsException' was thrown.]]></message>
                                        </reason>
                                      </test-case>
                                    </results>
                                  </test-suite>
                                </results>
                              </test-suite>
                              <test-suite type="Namespace" name="TRR.O2I.UI.SmokeTest_Old.InvoiceFromGrTests.France" executed="False" result="NotRunnable">
                                <reason>
                                  <message><![CDATA[Exception of type 'NDistribUnit.Common.TestExecution.Exceptions.NoAvailableAgentsException' was thrown.]]></message>
                                </reason>
                                <results>
                                  <test-suite type="TestFixture" name="TRR.O2I.UI.SmokeTest_Old.InvoiceFromGrTests.France.InvoiceTestsFrance" executed="False" result="NotRunnable">
                                    <reason>
                                      <message><![CDATA[Exception of type 'NDistribUnit.Common.TestExecution.Exceptions.NoAvailableAgentsException' was thrown.]]></message>
                                    </reason>
                                    <results>
                                      <test-case name="TRR.O2I.UI.SmokeTest_Old.InvoiceFromGrTests.France.InvoiceTestsFrance.InvoiceFromGrBaseTests.DownloadInvoiceXml" executed="False" result="NotRunnable">
                                        <categories>
                                          <category name="XML" />
                                        </categories>
                                        <reason>
                                          <message><![CDATA[Exception of type 'NDistribUnit.Common.TestExecution.Exceptions.NoAvailableAgentsException' was thrown.]]></message>
                                        </reason>
                                      </test-case>
                                    </results>
                                  </test-suite>
                                </results>
                              </test-suite>
                              <test-suite type="Namespace" name="TRR.O2I.UI.SmokeTest_Old.InvoiceFromGrTests.Germany" executed="False" result="NotRunnable">
                                <reason>
                                  <message><![CDATA[Exception of type 'NDistribUnit.Common.TestExecution.Exceptions.NoAvailableAgentsException' was thrown.]]></message>
                                </reason>
                                <results>
                                  <test-suite type="TestFixture" name="TRR.O2I.UI.SmokeTest_Old.InvoiceFromGrTests.Germany.InvoiceTestsGermany" executed="False" result="NotRunnable">
                                    <reason>
                                      <message><![CDATA[Exception of type 'NDistribUnit.Common.TestExecution.Exceptions.NoAvailableAgentsException' was thrown.]]></message>
                                    </reason>
                                    <results>
                                      <test-case name="TRR.O2I.UI.SmokeTest_Old.InvoiceFromGrTests.Germany.InvoiceTestsGermany.InvoiceFromGrBaseTests.DownloadInvoiceXml" executed="False" result="NotRunnable">
                                        <categories>
                                          <category name="XML" />
                                        </categories>
                                        <reason>
                                          <message><![CDATA[Exception of type 'NDistribUnit.Common.TestExecution.Exceptions.NoAvailableAgentsException' was thrown.]]></message>
                                        </reason>
                                      </test-case>
                                    </results>
                                  </test-suite>
                                </results>
                              </test-suite>
                              <test-suite type="Namespace" name="TRR.O2I.UI.SmokeTest_Old.InvoiceFromGrTests.Netherlands" executed="False" result="NotRunnable">
                                <reason>
                                  <message><![CDATA[Exception of type 'NDistribUnit.Common.TestExecution.Exceptions.NoAvailableAgentsException' was thrown.]]></message>
                                </reason>
                                <results>
                                  <test-suite type="TestFixture" name="TRR.O2I.UI.SmokeTest_Old.InvoiceFromGrTests.Netherlands.InvoiceTestsNetherlands" executed="False" result="NotRunnable">
                                    <reason>
                                      <message><![CDATA[Exception of type 'NDistribUnit.Common.TestExecution.Exceptions.NoAvailableAgentsException' was thrown.]]></message>
                                    </reason>
                                    <results>
                                      <test-case name="TRR.O2I.UI.SmokeTest_Old.InvoiceFromGrTests.Netherlands.InvoiceTestsNetherlands.InvoiceFromGrBaseTests.DownloadInvoiceXml" executed="False" result="NotRunnable">
                                        <categories>
                                          <category name="XML" />
                                        </categories>
                                        <reason>
                                          <message><![CDATA[Exception of type 'NDistribUnit.Common.TestExecution.Exceptions.NoAvailableAgentsException' was thrown.]]></message>
                                        </reason>
                                      </test-case>
                                    </results>
                                  </test-suite>
                                </results>
                              </test-suite>
                              <test-suite type="Namespace" name="TRR.O2I.UI.SmokeTest_Old.InvoiceFromGrTests.Norway" executed="False" result="NotRunnable">
                                <reason>
                                  <message><![CDATA[Exception of type 'NDistribUnit.Common.TestExecution.Exceptions.NoAvailableAgentsException' was thrown.]]></message>
                                </reason>
                                <results>
                                  <test-suite type="TestFixture" name="TRR.O2I.UI.SmokeTest_Old.InvoiceFromGrTests.Norway.InvoiceTestsNorway" executed="False" result="NotRunnable">
                                    <reason>
                                      <message><![CDATA[Exception of type 'NDistribUnit.Common.TestExecution.Exceptions.NoAvailableAgentsException' was thrown.]]></message>
                                    </reason>
                                    <results>
                                      <test-case name="TRR.O2I.UI.SmokeTest_Old.InvoiceFromGrTests.Norway.InvoiceTestsNorway.InvoiceFromGrBaseTests.DownloadInvoiceXml" executed="False" result="NotRunnable">
                                        <categories>
                                          <category name="XML" />
                                        </categories>
                                        <reason>
                                          <message><![CDATA[Exception of type 'NDistribUnit.Common.TestExecution.Exceptions.NoAvailableAgentsException' was thrown.]]></message>
                                        </reason>
                                      </test-case>
                                    </results>
                                  </test-suite>
                                </results>
                              </test-suite>
                              <test-suite type="Namespace" name="TRR.O2I.UI.SmokeTest_Old.InvoiceFromGrTests.Other" executed="False" result="NotRunnable">
                                <reason>
                                  <message><![CDATA[Exception of type 'NDistribUnit.Common.TestExecution.Exceptions.NoAvailableAgentsException' was thrown.]]></message>
                                </reason>
                                <results>
                                  <test-suite type="TestFixture" name="TRR.O2I.UI.SmokeTest_Old.InvoiceFromGrTests.Other.InvoiceTestsOther" executed="False" result="NotRunnable">
                                    <reason>
                                      <message><![CDATA[Exception of type 'NDistribUnit.Common.TestExecution.Exceptions.NoAvailableAgentsException' was thrown.]]></message>
                                    </reason>
                                    <results>
                                      <test-case name="TRR.O2I.UI.SmokeTest_Old.InvoiceFromGrTests.Other.InvoiceTestsOther.InvoiceFromGrBaseTests.DownloadInvoiceXml" executed="False" result="NotRunnable">
                                        <categories>
                                          <category name="XML" />
                                        </categories>
                                        <reason>
                                          <message><![CDATA[Exception of type 'NDistribUnit.Common.TestExecution.Exceptions.NoAvailableAgentsException' was thrown.]]></message>
                                        </reason>
                                      </test-case>
                                    </results>
                                  </test-suite>
                                </results>
                              </test-suite>
                              <test-suite type="Namespace" name="TRR.O2I.UI.SmokeTest_Old.InvoiceFromGrTests.Spain" executed="False" result="NotRunnable">
                                <reason>
                                  <message><![CDATA[Exception of type 'NDistribUnit.Common.TestExecution.Exceptions.NoAvailableAgentsException' was thrown.]]></message>
                                </reason>
                                <results>
                                  <test-suite type="TestFixture" name="TRR.O2I.UI.SmokeTest_Old.InvoiceFromGrTests.Spain.InvoiceTestsSpain" executed="False" result="NotRunnable">
                                    <reason>
                                      <message><![CDATA[Exception of type 'NDistribUnit.Common.TestExecution.Exceptions.NoAvailableAgentsException' was thrown.]]></message>
                                    </reason>
                                    <results>
                                      <test-case name="TRR.O2I.UI.SmokeTest_Old.InvoiceFromGrTests.Spain.InvoiceTestsSpain.InvoiceFromGrBaseTests.DownloadInvoiceXml" executed="False" result="NotRunnable">
                                        <categories>
                                          <category name="XML" />
                                        </categories>
                                        <reason>
                                          <message><![CDATA[Exception of type 'NDistribUnit.Common.TestExecution.Exceptions.NoAvailableAgentsException' was thrown.]]></message>
                                        </reason>
                                      </test-case>
                                    </results>
                                  </test-suite>
                                </results>
                              </test-suite>
                              <test-suite type="Namespace" name="TRR.O2I.UI.SmokeTest_Old.InvoiceFromGrTests.Switzerland" executed="False" result="NotRunnable">
                                <reason>
                                  <message><![CDATA[Exception of type 'NDistribUnit.Common.TestExecution.Exceptions.NoAvailableAgentsException' was thrown.]]></message>
                                </reason>
                                <results>
                                  <test-suite type="TestFixture" name="TRR.O2I.UI.SmokeTest_Old.InvoiceFromGrTests.Switzerland.InvoiceTestsSwitzerland" executed="False" result="NotRunnable">
                                    <reason>
                                      <message><![CDATA[Exception of type 'NDistribUnit.Common.TestExecution.Exceptions.NoAvailableAgentsException' was thrown.]]></message>
                                    </reason>
                                    <results>
                                      <test-case name="TRR.O2I.UI.SmokeTest_Old.InvoiceFromGrTests.Switzerland.InvoiceTestsSwitzerland.InvoiceFromGrBaseTests.DownloadInvoiceXml" executed="False" result="NotRunnable">
                                        <categories>
                                          <category name="XML" />
                                        </categories>
                                        <reason>
                                          <message><![CDATA[Exception of type 'NDistribUnit.Common.TestExecution.Exceptions.NoAvailableAgentsException' was thrown.]]></message>
                                        </reason>
                                      </test-case>
                                    </results>
                                  </test-suite>
                                </results>
                              </test-suite>
                              <test-suite type="Namespace" name="TRR.O2I.UI.SmokeTest_Old.InvoiceFromGrTests.Trip1" executed="False" result="NotRunnable">
                                <reason>
                                  <message><![CDATA[Exception of type 'NDistribUnit.Common.TestExecution.Exceptions.NoAvailableAgentsException' was thrown.]]></message>
                                </reason>
                                <results>
                                  <test-suite type="TestFixture" name="TRR.O2I.UI.SmokeTest_Old.InvoiceFromGrTests.Trip1.InvoiceTestsTrip1" executed="False" result="NotRunnable">
                                    <reason>
                                      <message><![CDATA[Exception of type 'NDistribUnit.Common.TestExecution.Exceptions.NoAvailableAgentsException' was thrown.]]></message>
                                    </reason>
                                    <results>
                                      <test-case name="TRR.O2I.UI.SmokeTest_Old.InvoiceFromGrTests.Trip1.InvoiceTestsTrip1.InvoiceFromGrBaseTests.DownloadInvoiceXml" executed="False" result="NotRunnable">
                                        <categories>
                                          <category name="XML" />
                                        </categories>
                                        <reason>
                                          <message><![CDATA[Exception of type 'NDistribUnit.Common.TestExecution.Exceptions.NoAvailableAgentsException' was thrown.]]></message>
                                        </reason>
                                      </test-case>
                                    </results>
                                  </test-suite>
                                </results>
                              </test-suite>
                              <test-suite type="Namespace" name="TRR.O2I.UI.SmokeTest_Old.InvoiceFromGrTests.Trip18" executed="False" result="NotRunnable">
                                <reason>
                                  <message><![CDATA[Exception of type 'NDistribUnit.Common.TestExecution.Exceptions.NoAvailableAgentsException' was thrown.]]></message>
                                </reason>
                                <results>
                                  <test-suite type="TestFixture" name="TRR.O2I.UI.SmokeTest_Old.InvoiceFromGrTests.Trip18.InvoiceWithMoreThan20LinesTests" executed="False" result="NotRunnable">
                                    <reason>
                                      <message><![CDATA[Exception of type 'NDistribUnit.Common.TestExecution.Exceptions.NoAvailableAgentsException' was thrown.]]></message>
                                    </reason>
                                    <results>
                                      <test-case name="TRR.O2I.UI.SmokeTest_Old.InvoiceFromGrTests.Trip18.InvoiceWithMoreThan20LinesTests.InvoiceFromGrBaseTests.DownloadInvoiceXml" executed="False" result="NotRunnable">
                                        <categories>
                                          <category name="XML" />
                                        </categories>
                                        <reason>
                                          <message><![CDATA[Exception of type 'NDistribUnit.Common.TestExecution.Exceptions.NoAvailableAgentsException' was thrown.]]></message>
                                        </reason>
                                      </test-case>
                                    </results>
                                  </test-suite>
                                </results>
                              </test-suite>
                              <test-suite type="Namespace" name="TRR.O2I.UI.SmokeTest_Old.InvoiceFromGrTests.Trip22" executed="False" result="NotRunnable">
                                <reason>
                                  <message><![CDATA[Exception of type 'NDistribUnit.Common.TestExecution.Exceptions.NoAvailableAgentsException' was thrown.]]></message>
                                </reason>
                                <results>
                                  <test-suite type="TestFixture" name="TRR.O2I.UI.SmokeTest_Old.InvoiceFromGrTests.Trip22.InvoiceTestsTrip22" executed="False" result="NotRunnable">
                                    <reason>
                                      <message><![CDATA[Exception of type 'NDistribUnit.Common.TestExecution.Exceptions.NoAvailableAgentsException' was thrown.]]></message>
                                    </reason>
                                    <results>
                                      <test-case name="TRR.O2I.UI.SmokeTest_Old.InvoiceFromGrTests.Trip22.InvoiceTestsTrip22.InvoiceFromGrBaseTests.DownloadInvoiceXml" executed="False" result="NotRunnable">
                                        <categories>
                                          <category name="XML" />
                                        </categories>
                                        <reason>
                                          <message><![CDATA[Exception of type 'NDistribUnit.Common.TestExecution.Exceptions.NoAvailableAgentsException' was thrown.]]></message>
                                        </reason>
                                      </test-case>
                                    </results>
                                  </test-suite>
                                </results>
                              </test-suite>
                              <test-suite type="Namespace" name="TRR.O2I.UI.SmokeTest_Old.InvoiceFromGrTests.UnitedKingdom" executed="False" result="NotRunnable">
                                <reason>
                                  <message><![CDATA[Exception of type 'NDistribUnit.Common.TestExecution.Exceptions.NoAvailableAgentsException' was thrown.]]></message>
                                </reason>
                                <results>
                                  <test-suite type="TestFixture" name="TRR.O2I.UI.SmokeTest_Old.InvoiceFromGrTests.UnitedKingdom.InvoiceTestsUnitedKingdom" executed="False" result="NotRunnable">
                                    <reason>
                                      <message><![CDATA[Exception of type 'NDistribUnit.Common.TestExecution.Exceptions.NoAvailableAgentsException' was thrown.]]></message>
                                    </reason>
                                    <results>
                                      <test-case name="TRR.O2I.UI.SmokeTest_Old.InvoiceFromGrTests.UnitedKingdom.InvoiceTestsUnitedKingdom.InvoiceFromGrBaseTests.DownloadInvoiceXml" executed="False" result="NotRunnable">
                                        <categories>
                                          <category name="XML" />
                                        </categories>
                                        <reason>
                                          <message><![CDATA[Exception of type 'NDistribUnit.Common.TestExecution.Exceptions.NoAvailableAgentsException' was thrown.]]></message>
                                        </reason>
                                      </test-case>
                                    </results>
                                  </test-suite>
                                </results>
                              </test-suite>
                              <test-suite type="Namespace" name="TRR.O2I.UI.SmokeTest_Old.InvoiceFromGrTests.USA" executed="False" result="NotRunnable">
                                <reason>
                                  <message><![CDATA[Exception of type 'NDistribUnit.Common.TestExecution.Exceptions.NoAvailableAgentsException' was thrown.]]></message>
                                </reason>
                                <results>
                                  <test-suite type="TestFixture" name="TRR.O2I.UI.SmokeTest_Old.InvoiceFromGrTests.USA.InvoiceTestsUSA" executed="False" result="NotRunnable">
                                    <reason>
                                      <message><![CDATA[Exception of type 'NDistribUnit.Common.TestExecution.Exceptions.NoAvailableAgentsException' was thrown.]]></message>
                                    </reason>
                                    <results>
                                      <test-case name="TRR.O2I.UI.SmokeTest_Old.InvoiceFromGrTests.USA.InvoiceTestsUSA.InvoiceFromGrBaseTests.DownloadInvoiceXml" executed="False" result="NotRunnable">
                                        <categories>
                                          <category name="XML" />
                                        </categories>
                                        <reason>
                                          <message><![CDATA[Exception of type 'NDistribUnit.Common.TestExecution.Exceptions.NoAvailableAgentsException' was thrown.]]></message>
                                        </reason>
                                      </test-case>
                                    </results>
                                  </test-suite>
                                </results>
                              </test-suite>
                              <test-suite type="Namespace" name="TRR.O2I.UI.SmokeTest_Old.InvoiceFromGrTests.xCBL3Generic" executed="False" result="NotRunnable">
                                <reason>
                                  <message><![CDATA[Exception of type 'NDistribUnit.Common.TestExecution.Exceptions.NoAvailableAgentsException' was thrown.]]></message>
                                </reason>
                                <results>
                                  <test-suite type="TestFixture" name="TRR.O2I.UI.SmokeTest_Old.InvoiceFromGrTests.xCBL3Generic.InvoiceTestsxCBL3Generic" executed="False" result="NotRunnable">
                                    <reason>
                                      <message><![CDATA[Exception of type 'NDistribUnit.Common.TestExecution.Exceptions.NoAvailableAgentsException' was thrown.]]></message>
                                    </reason>
                                    <results>
                                      <test-case name="TRR.O2I.UI.SmokeTest_Old.InvoiceFromGrTests.xCBL3Generic.InvoiceTestsxCBL3Generic.InvoiceFromGrBaseTests.DownloadInvoiceXml" executed="False" result="NotRunnable">
                                        <categories>
                                          <category name="XML" />
                                        </categories>
                                        <reason>
                                          <message><![CDATA[Exception of type 'NDistribUnit.Common.TestExecution.Exceptions.NoAvailableAgentsException' was thrown.]]></message>
                                        </reason>
                                      </test-case>
                                    </results>
                                  </test-suite>
                                </results>
                              </test-suite>
                            </results>
                          </test-suite>
                          <test-suite type="Namespace" name="TRR.O2I.UI.SmokeTest_Old.InvoiceFromPoTests" executed="False" result="NotRunnable">
                            <reason>
                              <message><![CDATA[Exception of type 'NDistribUnit.Common.TestExecution.Exceptions.NoAvailableAgentsException' was thrown.]]></message>
                            </reason>
                            <results>
                              <test-suite type="Namespace" name="TRR.O2I.UI.SmokeTest_Old.InvoiceFromPoTests.Belgium" executed="False" result="NotRunnable">
                                <reason>
                                  <message><![CDATA[Exception of type 'NDistribUnit.Common.TestExecution.Exceptions.NoAvailableAgentsException' was thrown.]]></message>
                                </reason>
                                <results>
                                  <test-suite type="TestFixture" name="TRR.O2I.UI.SmokeTest_Old.InvoiceFromPoTests.Belgium.InvoiceTestsBelgium" executed="False" result="NotRunnable">
                                    <reason>
                                      <message><![CDATA[Exception of type 'NDistribUnit.Common.TestExecution.Exceptions.NoAvailableAgentsException' was thrown.]]></message>
                                    </reason>
                                    <results>
                                      <test-case name="TRR.O2I.UI.SmokeTest_Old.InvoiceFromPoTests.Belgium.InvoiceTestsBelgium.InvoiceFromPoBaseTests.DownloadInvoiceXml" executed="False" result="NotRunnable">
                                        <categories>
                                          <category name="XML" />
                                        </categories>
                                        <reason>
                                          <message><![CDATA[Exception of type 'NDistribUnit.Common.TestExecution.Exceptions.NoAvailableAgentsException' was thrown.]]></message>
                                        </reason>
                                      </test-case>
                                    </results>
                                  </test-suite>
                                </results>
                              </test-suite>
                              <test-suite type="Namespace" name="TRR.O2I.UI.SmokeTest_Old.InvoiceFromPoTests.France" executed="False" result="NotRunnable">
                                <reason>
                                  <message><![CDATA[Exception of type 'NDistribUnit.Common.TestExecution.Exceptions.NoAvailableAgentsException' was thrown.]]></message>
                                </reason>
                                <results>
                                  <test-suite type="TestFixture" name="TRR.O2I.UI.SmokeTest_Old.InvoiceFromPoTests.France.InvoiceTestsFrance" executed="False" result="NotRunnable">
                                    <reason>
                                      <message><![CDATA[Exception of type 'NDistribUnit.Common.TestExecution.Exceptions.NoAvailableAgentsException' was thrown.]]></message>
                                    </reason>
                                    <results>
                                      <test-case name="TRR.O2I.UI.SmokeTest_Old.InvoiceFromPoTests.France.InvoiceTestsFrance.InvoiceFromPoBaseTests.DownloadInvoiceXml" executed="False" result="NotRunnable">
                                        <categories>
                                          <category name="XML" />
                                        </categories>
                                        <reason>
                                          <message><![CDATA[Exception of type 'NDistribUnit.Common.TestExecution.Exceptions.NoAvailableAgentsException' was thrown.]]></message>
                                        </reason>
                                      </test-case>
                                    </results>
                                  </test-suite>
                                </results>
                              </test-suite>
                              <test-suite type="Namespace" name="TRR.O2I.UI.SmokeTest_Old.InvoiceFromPoTests.Germany" executed="False" result="NotRunnable">
                                <reason>
                                  <message><![CDATA[Exception of type 'NDistribUnit.Common.TestExecution.Exceptions.NoAvailableAgentsException' was thrown.]]></message>
                                </reason>
                                <results>
                                  <test-suite type="TestFixture" name="TRR.O2I.UI.SmokeTest_Old.InvoiceFromPoTests.Germany.InvoiceTestsGermany" executed="False" result="NotRunnable">
                                    <reason>
                                      <message><![CDATA[Exception of type 'NDistribUnit.Common.TestExecution.Exceptions.NoAvailableAgentsException' was thrown.]]></message>
                                    </reason>
                                    <results>
                                      <test-case name="TRR.O2I.UI.SmokeTest_Old.InvoiceFromPoTests.Germany.InvoiceTestsGermany.InvoiceFromPoBaseTests.DownloadInvoiceXml" executed="False" result="NotRunnable">
                                        <categories>
                                          <category name="XML" />
                                        </categories>
                                        <reason>
                                          <message><![CDATA[Exception of type 'NDistribUnit.Common.TestExecution.Exceptions.NoAvailableAgentsException' was thrown.]]></message>
                                        </reason>
                                      </test-case>
                                    </results>
                                  </test-suite>
                                </results>
                              </test-suite>
                              <test-suite type="Namespace" name="TRR.O2I.UI.SmokeTest_Old.InvoiceFromPoTests.Netherlands" executed="False" result="NotRunnable">
                                <reason>
                                  <message><![CDATA[Exception of type 'NDistribUnit.Common.TestExecution.Exceptions.NoAvailableAgentsException' was thrown.]]></message>
                                </reason>
                                <results>
                                  <test-suite type="TestFixture" name="TRR.O2I.UI.SmokeTest_Old.InvoiceFromPoTests.Netherlands.InvoiceTestsNetherlands" executed="False" result="NotRunnable">
                                    <reason>
                                      <message><![CDATA[Exception of type 'NDistribUnit.Common.TestExecution.Exceptions.NoAvailableAgentsException' was thrown.]]></message>
                                    </reason>
                                    <results>
                                      <test-case name="TRR.O2I.UI.SmokeTest_Old.InvoiceFromPoTests.Netherlands.InvoiceTestsNetherlands.InvoiceFromPoBaseTests.DownloadInvoiceXml" executed="False" result="NotRunnable">
                                        <categories>
                                          <category name="XML" />
                                        </categories>
                                        <reason>
                                          <message><![CDATA[Exception of type 'NDistribUnit.Common.TestExecution.Exceptions.NoAvailableAgentsException' was thrown.]]></message>
                                        </reason>
                                      </test-case>
                                    </results>
                                  </test-suite>
[...]
                                <categories>
                                  <category name="XML" />
                                </categories>
                                <reason>
                                  <message><![CDATA[Exception of type 'NDistribUnit.Common.TestExecution.Exceptions.NoAvailableAgentsException' was thrown.]]></message>
                                </reason>
                              </test-case>
                              <test-case name="TRR.O2I.UI.XMLComparisonTests.ShellExplorationNewDocumentsTrip1.RegressionTestsBase.DownloadAsnXml" executed="False" result="NotRunnable">
                                <categories>
                                  <category name="XML" />
                                </categories>
                                <reason>
                                  <message><![CDATA[Exception of type 'NDistribUnit.Common.TestExecution.Exceptions.NoAvailableAgentsException' was thrown.]]></message>
                                </reason>
                              </test-case>
                              <test-case name="TRR.O2I.UI.XMLComparisonTests.ShellExplorationNewDocumentsTrip1.RegressionTestsBase.DownloadPORXMLFromDetailsPage" executed="False" result="NotRunnable">
                                <categories>
                                  <category name="XML" />
                                </categories>
                                <reason>
                                  <message><![CDATA[Exception of type 'NDistribUnit.Common.TestExecution.Exceptions.NoAvailableAgentsException' was thrown.]]></message>
                                </reason>
                              </test-case>
                              <test-case name="TRR.O2I.UI.XMLComparisonTests.ShellExplorationNewDocumentsTrip1.RegressionTestsBase.DownloadPoXMLFromSearchPage" executed="False" result="NotRunnable">
                                <categories>
                                  <category name="XML" />
                                </categories>
                                <reason>
                                  <message><![CDATA[Exception of type 'NDistribUnit.Common.TestExecution.Exceptions.NoAvailableAgentsException' was thrown.]]></message>
                                </reason>
                              </test-case>
                              <test-case name="TRR.O2I.UI.XMLComparisonTests.ShellExplorationNewDocumentsTrip1.RegressionTestsBaseWithChangeOrder.DownloadAndCompareCoXMLFromSearchPage" executed="False" result="NotRunnable">
                                <categories>
                                  <category name="XML" />
                                </categories>
                                <reason>
                                  <message><![CDATA[Exception of type 'NDistribUnit.Common.TestExecution.Exceptions.NoAvailableAgentsException' was thrown.]]></message>
                                </reason>
                              </test-case>
                            </results>
                          </test-suite>
                          <test-suite type="TestFixture" name="TRR.O2I.UI.XMLComparisonTests.ShellExplorationTrip1" executed="False" result="NotRunnable">
                            <reason>
                              <message><![CDATA[Exception of type 'NDistribUnit.Common.TestExecution.Exceptions.NoAvailableAgentsException' was thrown.]]></message>
                            </reason>
                            <results>
                              <test-case name="TRR.O2I.UI.XMLComparisonTests.ShellExplorationTrip1.RegressionTestsBase.DownloadAsnXml" executed="False" result="NotRunnable">
                                <categories>
                                  <category name="XML" />
                                </categories>
                                <reason>
                                  <message><![CDATA[Exception of type 'NDistribUnit.Common.TestExecution.Exceptions.NoAvailableAgentsException' was thrown.]]></message>
                                </reason>
                              </test-case>
                              <test-case name="TRR.O2I.UI.XMLComparisonTests.ShellExplorationTrip1.RegressionTestsBase.DownloadPORXMLFromDetailsPage" executed="False" result="NotRunnable">
                                <categories>
                                  <category name="XML" />
                                </categories>
                                <reason>
                                  <message><![CDATA[Exception of type 'NDistribUnit.Common.TestExecution.Exceptions.NoAvailableAgentsException' was thrown.]]></message>
                                </reason>
                              </test-case>
                              <test-case name="TRR.O2I.UI.XMLComparisonTests.ShellExplorationTrip1.RegressionTestsBase.DownloadPoXMLFromSearchPage" executed="False" result="NotRunnable">
                                <categories>
                                  <category name="XML" />
                                </categories>
                                <reason>
                                  <message><![CDATA[Exception of type 'NDistribUnit.Common.TestExecution.Exceptions.NoAvailableAgentsException' was thrown.]]></message>
                                </reason>
                              </test-case>
                              <test-case name="TRR.O2I.UI.XMLComparisonTests.ShellExplorationTrip1.RegressionTestsBaseWithoutInvoiceCompareTest.DownloadAndCompareInvoiceXML" executed="False" result="NotRunnable">
                                <categories>
                                  <category name="XML" />
                                </categories>
                                <reason>
                                  <message><![CDATA[Exception of type 'NDistribUnit.Common.TestExecution.Exceptions.NoAvailableAgentsException' was thrown.]]></message>
                                </reason>
                              </test-case>
                            </results>
                          </test-suite>
                          <test-suite type="TestFixture" name="TRR.O2I.UI.XMLComparisonTests.ShellLimitedTrip1" executed="False" result="NotRunnable">
                            <reason>
                              <message><![CDATA[Exception of type 'NDistribUnit.Common.TestExecution.Exceptions.NoAvailableAgentsException' was thrown.]]></message>
                            </reason>
                            <results>
                              <test-case name="TRR.O2I.UI.XMLComparisonTests.ShellLimitedTrip1.DownloadAndComparePOR1XMLFromDetailsPage" executed="False" result="NotRunnable">
                                <categories>
                                  <category name="XML" />
                                </categories>
                                <reason>
                                  <message><![CDATA[Exception of type 'NDistribUnit.Common.TestExecution.Exceptions.NoAvailableAgentsException' was thrown.]]></message>
                                </reason>
                              </test-case>
                              <test-case name="TRR.O2I.UI.XMLComparisonTests.ShellLimitedTrip1.DownloadAndComparePOR1XMLFromSearchPage" executed="False" result="NotRunnable">
                                <categories>
                                  <category name="XML" />
                                </categories>
                                <reason>
                                  <message><![CDATA[Exception of type 'NDistribUnit.Common.TestExecution.Exceptions.NoAvailableAgentsException' was thrown.]]></message>
                                </reason>
                              </test-case>
                              <test-case name="TRR.O2I.UI.XMLComparisonTests.ShellLimitedTrip1.RegressionTestsBase.DownloadAsnXml" executed="False" result="NotRunnable">
                                <categories>
                                  <category name="XML" />
                                </categories>
                                <reason>
                                  <message><![CDATA[Exception of type 'NDistribUnit.Common.TestExecution.Exceptions.NoAvailableAgentsException' was thrown.]]></message>
                                </reason>
                              </test-case>
                              <test-case name="TRR.O2I.UI.XMLComparisonTests.ShellLimitedTrip1.RegressionTestsBase.DownloadPORXMLFromDetailsPage" executed="False" result="NotRunnable">
                                <categories>
                                  <category name="XML" />
                                </categories>
                                <reason>
                                  <message><![CDATA[Exception of type 'NDistribUnit.Common.TestExecution.Exceptions.NoAvailableAgentsException' was thrown.]]></message>
                                </reason>
                              </test-case>
                              <test-case name="TRR.O2I.UI.XMLComparisonTests.ShellLimitedTrip1.RegressionTestsBase.DownloadPoXMLFromSearchPage" executed="False" result="NotRunnable">
                                <categories>
                                  <category name="XML" />
                                </categories>
                                <reason>
                                  <message><![CDATA[Exception of type 'NDistribUnit.Common.TestExecution.Exceptions.NoAvailableAgentsException' was thrown.]]></message>
                                </reason>
                              </test-case>
                              <test-case name="TRR.O2I.UI.XMLComparisonTests.ShellLimitedTrip1.RegressionTestsBaseWithChangeOrder.DownloadAndCompareCoXMLFromSearchPage" executed="False" result="NotRunnable">
                                <categories>
                                  <category name="XML" />
                                </categories>
                                <reason>
                                  <message><![CDATA[Exception of type 'NDistribUnit.Common.TestExecution.Exceptions.NoAvailableAgentsException' was thrown.]]></message>
                                </reason>
                              </test-case>
                            </results>
                          </test-suite>
                          <test-suite type="TestFixture" name="TRR.O2I.UI.XMLComparisonTests.ShellTRPTrip1" executed="False" result="NotRunnable">
                            <reason>
                              <message><![CDATA[Exception of type 'NDistribUnit.Common.TestExecution.Exceptions.NoAvailableAgentsException' was thrown.]]></message>
                            </reason>
                            <results>
                              <test-case name="TRR.O2I.UI.XMLComparisonTests.ShellTRPTrip1.RegressionTestsBase.DownloadAsnXml" executed="False" result="NotRunnable">
                                <categories>
                                  <category name="XML" />
                                </categories>
                                <reason>
                                  <message><![CDATA[Exception of type 'NDistribUnit.Common.TestExecution.Exceptions.NoAvailableAgentsException' was thrown.]]></message>
                                </reason>
                              </test-case>
                              <test-case name="TRR.O2I.UI.XMLComparisonTests.ShellTRPTrip1.RegressionTestsBase.DownloadPORXMLFromDetailsPage" executed="False" result="NotRunnable">
                                <categories>
                                  <category name="XML" />
                                </categories>
                                <reason>
                                  <message><![CDATA[Exception of type 'NDistribUnit.Common.TestExecution.Exceptions.NoAvailableAgentsException' was thrown.]]></message>
                                </reason>
                              </test-case>
                              <test-case name="TRR.O2I.UI.XMLComparisonTests.ShellTRPTrip1.RegressionTestsBase.DownloadPoXMLFromSearchPage" executed="False" result="NotRunnable">
                                <categories>
                                  <category name="XML" />
                                </categories>
                                <reason>
                                  <message><![CDATA[Exception of type 'NDistribUnit.Common.TestExecution.Exceptions.NoAvailableAgentsException' was thrown.]]></message>
                                </reason>
                              </test-case>
                              <test-case name="TRR.O2I.UI.XMLComparisonTests.ShellTRPTrip1.RegressionTestsBaseWithoutInvoiceCompareTest.DownloadAndCompareInvoiceXML" executed="False" result="NotRunnable">
                                <categories>
                                  <category name="XML" />
                                </categories>
                                <reason>
                                  <message><![CDATA[Exception of type 'NDistribUnit.Common.TestExecution.Exceptions.NoAvailableAgentsException' was thrown.]]></message>
                                </reason>
                              </test-case>
                            </results>
                          </test-suite>
                          <test-suite type="TestFixture" name="TRR.O2I.UI.XMLComparisonTests.SolvayTrip1" executed="False" result="NotRunnable">
                            <reason>
                              <message><![CDATA[Exception of type 'NDistribUnit.Common.TestExecution.Exceptions.NoAvailableAgentsException' was thrown.]]></message>
                            </reason>
                            <results>
                              <test-case name="TRR.O2I.UI.XMLComparisonTests.SolvayTrip1.RegressionTestsBase.DownloadAsnXml" executed="False" result="NotRunnable">
                                <categories>
                                  <category name="XML" />
                                </categories>
                                <reason>
                                  <message><![CDATA[Exception of type 'NDistribUnit.Common.TestExecution.Exceptions.NoAvailableAgentsException' was thrown.]]></message>
                                </reason>
                              </test-case>
                              <test-case name="TRR.O2I.UI.XMLComparisonTests.SolvayTrip1.RegressionTestsBase.DownloadPORXMLFromDetailsPage" executed="False" result="NotRunnable">
                                <categories>
                                  <category name="XML" />
                                </categories>
                                <reason>
                                  <message><![CDATA[Exception of type 'NDistribUnit.Common.TestExecution.Exceptions.NoAvailableAgentsException' was thrown.]]></message>
                                </reason>
                              </test-case>
                              <test-case name="TRR.O2I.UI.XMLComparisonTests.SolvayTrip1.RegressionTestsBase.DownloadPoXMLFromSearchPage" executed="False" result="NotRunnable">
                                <categories>
                                  <category name="XML" />
                                </categories>
                                <reason>
                                  <message><![CDATA[Exception of type 'NDistribUnit.Common.TestExecution.Exceptions.NoAvailableAgentsException' was thrown.]]></message>
                                </reason>
                              </test-case>
                              <test-case name="TRR.O2I.UI.XMLComparisonTests.SolvayTrip1.RegressionTestsBaseWithoutInvoiceCompareTest.DownloadAndCompareInvoiceXML" executed="False" result="NotRunnable">
                                <categories>
                                  <category name="XML" />
                                </categories>
                                <reason>
                                  <message><![CDATA[Exception of type 'NDistribUnit.Common.TestExecution.Exceptions.NoAvailableAgentsException' was thrown.]]></message>
                                </reason>
                              </test-case>
                            </results>
                          </test-suite>
                          <test-suite type="TestFixture" name="TRR.O2I.UI.XMLComparisonTests.TotalPacteApplicationsTrip1" executed="False" result="NotRunnable">
                            <reason>
                              <message><![CDATA[Exception of type 'NDistribUnit.Common.TestExecution.Exceptions.NoAvailableAgentsException' was thrown.]]></message>
                            </reason>
                            <results>
                              <test-case name="TRR.O2I.UI.XMLComparisonTests.TotalPacteApplicationsTrip1.RegressionTestsBase.DownloadAsnXml" executed="False" result="NotRunnable">
                                <categories>
                                  <category name="XML" />
                                </categories>
                                <reason>
                                  <message><![CDATA[Exception of type 'NDistribUnit.Common.TestExecution.Exceptions.NoAvailableAgentsException' was thrown.]]></message>
                                </reason>
                              </test-case>
                              <test-case name="TRR.O2I.UI.XMLComparisonTests.TotalPacteApplicationsTrip1.RegressionTestsBase.DownloadPORXMLFromDetailsPage" executed="False" result="NotRunnable">
                                <categories>
                                  <category name="XML" />
                                </categories>
                                <reason>
                                  <message><![CDATA[Exception of type 'NDistribUnit.Common.TestExecution.Exceptions.NoAvailableAgentsException' was thrown.]]></message>
                                </reason>
                              </test-case>
                              <test-case name="TRR.O2I.UI.XMLComparisonTests.TotalPacteApplicationsTrip1.RegressionTestsBase.DownloadPoXMLFromSearchPage" executed="False" result="NotRunnable">
                                <categories>
                                  <category name="XML" />
                                </categories>
                                <reason>
                                  <message><![CDATA[Exception of type 'NDistribUnit.Common.TestExecution.Exceptions.NoAvailableAgentsException' was thrown.]]></message>
                                </reason>
                              </test-case>
                              <test-case name="TRR.O2I.UI.XMLComparisonTests.TotalPacteApplicationsTrip1.RegressionTestsBaseWithoutInvoiceCompareTest.DownloadAndCompareInvoiceXML" executed="False" result="NotRunnable">
                                <categories>
                                  <category name="XML" />
                                </categories>
                                <reason>
                                  <message><![CDATA[Exception of type 'NDistribUnit.Common.TestExecution.Exceptions.NoAvailableAgentsException' was thrown.]]></message>
                                </reason>
                              </test-case>
                            </results>
                          </test-suite>
                        </results>
                      </test-suite>
                    </results>
                  </test-suite>
                </results>
              </test-suite>
            </results>
          </test-suite>
        </results>
      </test-suite>
    </results>
  </test-suite>
</test-results>