<?xml version="1.0" encoding="utf-8" standalone="no"?>
<!--This file represents the results of running a test suite-->
<test-results name="D:\work\personal\NDistribUnit\source\builds\Debug\_Storage.Agent\Permanent\NDistribUnit.Tests.Based.On.O2I\unpacked\TRR.O2I.UiTest.nunit" total="0" errors="0" failures="0" not-run="0" inconclusive="0" ignored="0" skipped="0" invalid="0" date="2012-01-12" time="20:02:02">
  <environment nunit-version="2.5.10.0" clr-version="4.0.30319.239" os-version="Microsoft Windows NT 6.1.7601 Service Pack 1" platform="Win32NT" cwd="D:\work\personal\NDistribUnit\source\NDistribUnit.Server\bin\Debug" machine-name="EPBYMINW1560" user="Alexander_Yezutov" user-domain="MINSK" />
  <culture-info current-culture="en-US" current-uiculture="en-US" />
  <test-suite type="Test Project" name="D:\work\personal\NDistribUnit\source\builds\Debug\_Storage.Agent\Permanent\NDistribUnit.Tests.Based.On.O2I\unpacked\TRR.O2I.UiTest.nunit" executed="True" result="Inconclusive" success="False" time="0.000" asserts="0">
    <properties>
      <property name="ndistribunit.agent-name" value="EPBYMINW1560 #002" />
    </properties>
  </test-suite>
</test-results>