<?xml version="1.0" encoding="utf-8" standalone="no"?>
<!--This file represents the results of running a test suite-->
<test-results name="" total="0" errors="0" failures="0" not-run="0" inconclusive="0" ignored="0" skipped="0" invalid="0" date="2012-01-11" time="11:23:56">
  <environment nunit-version="2.5.10.0" clr-version="4.0.30319.239" os-version="Microsoft Windows NT 6.1.7601 Service Pack 1" platform="Win32NT" cwd="D:\work\personal\NDistribUnit\source\NDistribUnit.Server\bin\Debug" machine-name="EPBYMINW1560" user="Alexander_Yezutov" user-domain="MINSK" />
  <culture-info current-culture="en-US" current-uiculture="en-US" />
  <test-suite type="Project" name="" executed="True" result="Inconclusive" success="False" time="0.000" asserts="0">
    <properties>
      <property name="ndistribunit.agent-name" value="EPBYMINW1560 #003" />
    </properties>
    <results>
      <test-suite type="Assembly" name="D:\work\personal\NDistribUnit\source\builds\Debug\_Storage.Server\Permanent\NDistribUnit.Tests.Based.On.O2I\unpacked\UI.Test.dll" executed="False" result="NotRunnable">
        <properties>
          <property name="ndistribunit.agent-name" value="EPBYMINW1560 #003" />
        </properties>
        <reason>
          <message><![CDATA[There was an error, when running 'TRR.O2I.UI.CustomScenarios.TRIP2FranceTests']]></message>
        </reason>
        <results>
          <test-suite type="Namespace" name="TRR" executed="False" result="NotRunnable">
            <properties>
              <property name="ndistribunit.agent-name" value="EPBYMINW1560 #003" />
            </properties>
            <reason>
              <message><![CDATA[There was an error, when running 'TRR.O2I.UI.CustomScenarios.TRIP2FranceTests']]></message>
            </reason>
            <results>
              <test-suite type="Namespace" name="TRR.O2I" executed="False" result="NotRunnable">
                <properties>
                  <property name="ndistribunit.agent-name" value="EPBYMINW1560 #003" />
                </properties>
                <reason>
                  <message><![CDATA[There was an error, when running 'TRR.O2I.UI.CustomScenarios.TRIP2FranceTests']]></message>
                </reason>
                <results>
                  <test-suite type="Namespace" name="TRR.O2I.UI" executed="False" result="NotRunnable">
                    <properties>
                      <property name="ndistribunit.agent-name" value="EPBYMINW1560 #003" />
                    </properties>
                    <reason>
                      <message><![CDATA[There was an error, when running 'TRR.O2I.UI.CustomScenarios.TRIP2FranceTests']]></message>
                    </reason>
                    <results>
                      <test-suite type="Namespace" name="TRR.O2I.UI.CustomScenarios" executed="False" result="NotRunnable">
                        <properties>
                          <property name="ndistribunit.agent-name" value="EPBYMINW1560 #003" />
                        </properties>
                        <reason>
                          <message><![CDATA[There was an error, when running 'TRR.O2I.UI.CustomScenarios.TRIP2FranceTests']]></message>
                        </reason>
                        <results>
                          <test-suite type="TestFixture" name="TRR.O2I.UI.CustomScenarios.TRIP2FranceTests" executed="False" result="NotRunnable">
                            <properties>
                              <property name="ndistribunit.agent-name" value="EPBYMINW1560 #003" />
                            </properties>
                            <reason>
                              <message><![CDATA[There was an error, when running 'TRR.O2I.UI.CustomScenarios.TRIP2FranceTests']]></message>
                            </reason>
                          </test-suite>
                          <test-suite type="TestFixture" name="TRR.O2I.UI.CustomScenarios.TRIP22Tests" executed="False" result="NotRunnable">
                            <properties>
                              <property name="ndistribunit.agent-name" value="EPBYMINW1560 #001" />
                            </properties>
                            <reason>
                              <message><![CDATA[There was an error, when running 'TRR.O2I.UI.CustomScenarios.TRIP22Tests']]></message>
                            </reason>
                          </test-suite>
                          <test-suite type="TestFixture" name="TRR.O2I.UI.CustomScenarios.TRIP2BelgiumTests" executed="False" result="NotRunnable">
                            <properties>
                              <property name="ndistribunit.agent-name" value="EPBYMINW1560 #002" />
                            </properties>
                            <reason>
                              <message><![CDATA[There was an error, when running 'TRR.O2I.UI.CustomScenarios.TRIP2BelgiumTests']]></message>
                            </reason>
                          </test-suite>
                          <test-suite type="TestFixture" name="TRR.O2I.UI.CustomScenarios.TRIP2NetherlandsTests" executed="False" result="NotRunnable">
                            <properties>
                              <property name="ndistribunit.agent-name" value="EPBYMINW1560 #002" />
                            </properties>
                            <reason>
                              <message><![CDATA[There was an error, when running 'TRR.O2I.UI.CustomScenarios.TRIP2NetherlandsTests']]></message>
                            </reason>
                          </test-suite>
                          <test-suite type="TestFixture" name="TRR.O2I.UI.CustomScenarios.TRIP2GermanyTests" executed="False" result="NotRunnable">
                            <properties>
                              <property name="ndistribunit.agent-name" value="EPBYMINW1560 #001" />
                            </properties>
                            <reason>
                              <message><![CDATA[There was an error, when running 'TRR.O2I.UI.CustomScenarios.TRIP2GermanyTests']]></message>
                            </reason>
                          </test-suite>
                          <test-suite type="TestFixture" name="TRR.O2I.UI.CustomScenarios.TRIP2NorwayTests" executed="False" result="NotRunnable">
                            <properties>
                              <property name="ndistribunit.agent-name" value="EPBYMINW1560 #003" />
                            </properties>
                            <reason>
                              <message><![CDATA[There was an error, when running 'TRR.O2I.UI.CustomScenarios.TRIP2NorwayTests']]></message>
                            </reason>
                          </test-suite>
                          <test-suite type="TestFixture" name="TRR.O2I.UI.CustomScenarios.TRIP2OtherTests" executed="False" result="NotRunnable">
                            <properties>
                              <property name="ndistribunit.agent-name" value="EPBYMINW1560 #002" />
                            </properties>
                            <reason>
                              <message><![CDATA[There was an error, when running 'TRR.O2I.UI.CustomScenarios.TRIP2OtherTests']]></message>
                            </reason>
                          </test-suite>
                          <test-suite type="TestFixture" name="TRR.O2I.UI.CustomScenarios.TRIP2SpainTests" executed="False" result="NotRunnable">
                            <properties>
                              <property name="ndistribunit.agent-name" value="EPBYMINW1560 #001" />
                            </properties>
                            <reason>
                              <message><![CDATA[There was an error, when running 'TRR.O2I.UI.CustomScenarios.TRIP2SpainTests']]></message>
                            </reason>
                          </test-suite>
                          <test-suite type="TestFixture" name="TRR.O2I.UI.CustomScenarios.TRIP2SwitzerlandTests" executed="False" result="NotRunnable">
                            <properties>
                              <property name="ndistribunit.agent-name" value="EPBYMINW1560 #003" />
                            </properties>
                            <reason>
                              <message><![CDATA[There was an error, when running 'TRR.O2I.UI.CustomScenarios.TRIP2SwitzerlandTests']]></message>
                            </reason>
                          </test-suite>
                          <test-suite type="TestFixture" name="TRR.O2I.UI.CustomScenarios.TRIP2UKTests" executed="False" result="NotRunnable">
                            <properties>
                              <property name="ndistribunit.agent-name" value="EPBYMINW1560 #002" />
                            </properties>
                            <reason>
                              <message><![CDATA[There was an error, when running 'TRR.O2I.UI.CustomScenarios.TRIP2UKTests']]></message>
                            </reason>
                          </test-suite>
                          <test-suite type="TestFixture" name="TRR.O2I.UI.CustomScenarios.TRIP2USATests" executed="False" result="NotRunnable">
                            <properties>
                              <property name="ndistribunit.agent-name" value="EPBYMINW1560 #001" />
                            </properties>
                            <reason>
                              <message><![CDATA[There was an error, when running 'TRR.O2I.UI.CustomScenarios.TRIP2USATests']]></message>
                            </reason>
                          </test-suite>
                          <test-suite type="TestFixture" name="TRR.O2I.UI.CustomScenarios.TRIP2xCBL3GenericTests" executed="False" result="NotRunnable">
                            <properties>
                              <property name="ndistribunit.agent-name" value="EPBYMINW1560 #003" />
                            </properties>
                            <reason>
                              <message><![CDATA[There was an error, when running 'TRR.O2I.UI.CustomScenarios.TRIP2xCBL3GenericTests']]></message>
                            </reason>
                          </test-suite>
                        </results>
                      </test-suite>
                      <test-suite type="Namespace" name="TRR.O2I.UI.General" executed="False" result="NotRunnable">
                        <properties>
                          <property name="ndistribunit.agent-name" value="EPBYMINW1560 #001" />
                        </properties>
                        <reason>
                          <message><![CDATA[There was an error, when running 'TRR.O2I.UI.General.ASN.EnforceQuantityShippedParamerterTests.EnforceQuantityShippedParameterEnabledTest']]></message>
                        </reason>
                        <results>
                          <test-suite type="Namespace" name="TRR.O2I.UI.General.ASN" executed="False" result="NotRunnable">
                            <properties>
                              <property name="ndistribunit.agent-name" value="EPBYMINW1560 #001" />
                            </properties>
                            <reason>
                              <message><![CDATA[There was an error, when running 'TRR.O2I.UI.General.ASN.EnforceQuantityShippedParamerterTests.EnforceQuantityShippedParameterEnabledTest']]></message>
                            </reason>
                            <results>
                              <test-suite type="Namespace" name="TRR.O2I.UI.General.ASN.EnforceQuantityShippedParamerterTests" executed="False" result="NotRunnable">
                                <properties>
                                  <property name="ndistribunit.agent-name" value="EPBYMINW1560 #001" />
                                </properties>
                                <reason>
                                  <message><![CDATA[There was an error, when running 'TRR.O2I.UI.General.ASN.EnforceQuantityShippedParamerterTests.EnforceQuantityShippedParameterEnabledTest']]></message>
                                </reason>
                                <results>
                                  <test-suite type="TestFixture" name="TRR.O2I.UI.General.ASN.EnforceQuantityShippedParamerterTests.EnforceQuantityShippedParameterEnabledTest" executed="False" result="NotRunnable">
                                    <properties>
                                      <property name="ndistribunit.agent-name" value="EPBYMINW1560 #001" />
                                    </properties>
                                    <reason>
                                      <message><![CDATA[There was an error, when running 'TRR.O2I.UI.General.ASN.EnforceQuantityShippedParamerterTests.EnforceQuantityShippedParameterEnabledTest']]></message>
                                    </reason>
                                  </test-suite>
                                  <test-suite type="TestFixture" name="TRR.O2I.UI.General.ASN.EnforceQuantityShippedParamerterTests.EnforceQuantityShippedParameterDisabledTest" executed="False" result="NotRunnable">
                                    <properties>
                                      <property name="ndistribunit.agent-name" value="EPBYMINW1560 #002" />
                                    </properties>
                                    <reason>
                                      <message><![CDATA[There was an error, when running 'TRR.O2I.UI.General.ASN.EnforceQuantityShippedParamerterTests.EnforceQuantityShippedParameterDisabledTest']]></message>
                                    </reason>
                                  </test-suite>
                                </results>
                              </test-suite>
                            </results>
                          </test-suite>
                          <test-suite type="Namespace" name="TRR.O2I.UI.General.CO" executed="False" result="NotRunnable">
                            <properties>
                              <property name="ndistribunit.agent-name" value="EPBYMINW1560 #001" />
                            </properties>
                            <reason>
                              <message><![CDATA[There was an error, when running 'TRR.O2I.UI.General.CO.COIssues.Case10Test']]></message>
                            </reason>
                            <results>
                              <test-suite type="Namespace" name="TRR.O2I.UI.General.CO.COIssues" executed="False" result="NotRunnable">
                                <properties>
                                  <property name="ndistribunit.agent-name" value="EPBYMINW1560 #001" />
                                </properties>
                                <reason>
                                  <message><![CDATA[There was an error, when running 'TRR.O2I.UI.General.CO.COIssues.Case10Test']]></message>
                                </reason>
                                <results>
                                  <test-suite type="TestFixture" name="TRR.O2I.UI.General.CO.COIssues.Case10Test" executed="False" result="NotRunnable">
                                    <properties>
                                      <property name="ndistribunit.agent-name" value="EPBYMINW1560 #001" />
                                    </properties>
                                    <reason>
                                      <message><![CDATA[There was an error, when running 'TRR.O2I.UI.General.CO.COIssues.Case10Test']]></message>
                                    </reason>
                                  </test-suite>
                                  <test-suite type="TestFixture" name="TRR.O2I.UI.General.CO.COIssues.Case11Test" executed="False" result="NotRunnable">
                                    <properties>
                                      <property name="ndistribunit.agent-name" value="EPBYMINW1560 #002" />
                                    </properties>
                                    <reason>
                                      <message><![CDATA[There was an error, when running 'TRR.O2I.UI.General.CO.COIssues.Case11Test']]></message>
                                    </reason>
                                  </test-suite>
                                  <test-suite type="TestFixture" name="TRR.O2I.UI.General.CO.COIssues.Case12Test" executed="False" result="NotRunnable">
                                    <properties>
                                      <property name="ndistribunit.agent-name" value="EPBYMINW1560 #003" />
                                    </properties>
                                    <reason>
                                      <message><![CDATA[There was an error, when running 'TRR.O2I.UI.General.CO.COIssues.Case12Test']]></message>
                                    </reason>
                                  </test-suite>
                                  <test-suite type="TestFixture" name="TRR.O2I.UI.General.CO.COIssues.Case13Test" executed="False" result="NotRunnable">
                                    <properties>
                                      <property name="ndistribunit.agent-name" value="EPBYMINW1560 #001" />
                                    </properties>
                                    <reason>
                                      <message><![CDATA[There was an error, when running 'TRR.O2I.UI.General.CO.COIssues.Case13Test']]></message>
                                    </reason>
                                  </test-suite>
                                  <test-suite type="TestFixture" name="TRR.O2I.UI.General.CO.COIssues.Case14Test" executed="False" result="NotRunnable">
                                    <properties>
                                      <property name="ndistribunit.agent-name" value="EPBYMINW1560 #002" />
                                    </properties>
                                    <reason>
                                      <message><![CDATA[There was an error, when running 'TRR.O2I.UI.General.CO.COIssues.Case14Test']]></message>
                                    </reason>
                                  </test-suite>
                                  <test-suite type="TestFixture" name="TRR.O2I.UI.General.CO.COIssues.Case15Test" executed="False" result="NotRunnable">
                                    <properties>
                                      <property name="ndistribunit.agent-name" value="EPBYMINW1560 #003" />
                                    </properties>
                                    <reason>
                                      <message><![CDATA[There was an error, when running 'TRR.O2I.UI.General.CO.COIssues.Case15Test']]></message>
                                    </reason>
                                  </test-suite>
                                  <test-suite type="TestFixture" name="TRR.O2I.UI.General.CO.COIssues.Case16Test" executed="False" result="NotRunnable">
                                    <properties>
                                      <property name="ndistribunit.agent-name" value="EPBYMINW1560 #001" />
                                    </properties>
                                    <reason>
                                      <message><![CDATA[There was an error, when running 'TRR.O2I.UI.General.CO.COIssues.Case16Test']]></message>
                                    </reason>
                                  </test-suite>
                                  <test-suite type="TestFixture" name="TRR.O2I.UI.General.CO.COIssues.Case1Test" executed="False" result="NotRunnable">
                                    <properties>
                                      <property name="ndistribunit.agent-name" value="EPBYMINW1560 #002" />
                                    </properties>
                                    <reason>
                                      <message><![CDATA[There was an error, when running 'TRR.O2I.UI.General.CO.COIssues.Case1Test']]></message>
                                    </reason>
                                  </test-suite>
                                  <test-suite type="TestFixture" name="TRR.O2I.UI.General.CO.COIssues.Case2Test" executed="False" result="NotRunnable">
                                    <properties>
                                      <property name="ndistribunit.agent-name" value="EPBYMINW1560 #003" />
                                    </properties>
                                    <reason>
                                      <message><![CDATA[There was an error, when running 'TRR.O2I.UI.General.CO.COIssues.Case2Test']]></message>
                                    </reason>
                                  </test-suite>
                                  <test-suite type="TestFixture" name="TRR.O2I.UI.General.CO.COIssues.Case3Test" executed="False" result="NotRunnable">
                                    <properties>
                                      <property name="ndistribunit.agent-name" value="EPBYMINW1560 #001" />
                                    </properties>
                                    <reason>
                                      <message><![CDATA[There was an error, when running 'TRR.O2I.UI.General.CO.COIssues.Case3Test']]></message>
                                    </reason>
                                  </test-suite>
                                  <test-suite type="TestFixture" name="TRR.O2I.UI.General.CO.COIssues.Case4Test" executed="False" result="NotRunnable">
                                    <properties>
                                      <property name="ndistribunit.agent-name" value="EPBYMINW1560 #002" />
                                    </properties>
                                    <reason>
                                      <message><![CDATA[There was an error, when running 'TRR.O2I.UI.General.CO.COIssues.Case4Test']]></message>
                                    </reason>
                                  </test-suite>
                                  <test-suite type="TestFixture" name="TRR.O2I.UI.General.CO.COIssues.Case6Test" executed="False" result="NotRunnable">
                                    <properties>
                                      <property name="ndistribunit.agent-name" value="EPBYMINW1560 #003" />
                                    </properties>
                                    <reason>
                                      <message><![CDATA[There was an error, when running 'TRR.O2I.UI.General.CO.COIssues.Case6Test']]></message>
                                    </reason>
                                  </test-suite>
                                  <test-suite type="TestFixture" name="TRR.O2I.UI.General.CO.COIssues.Case5Test" executed="False" result="NotRunnable">
                                    <properties>
                                      <property name="ndistribunit.agent-name" value="EPBYMINW1560 #001" />
                                    </properties>
                                    <reason>
                                      <message><![CDATA[There was an error, when running 'TRR.O2I.UI.General.CO.COIssues.Case5Test']]></message>
                                    </reason>
                                  </test-suite>
                                  <test-suite type="TestFixture" name="TRR.O2I.UI.General.CO.COIssues.Case7Test" executed="False" result="NotRunnable">
                                    <properties>
                                      <property name="ndistribunit.agent-name" value="EPBYMINW1560 #002" />
                                    </properties>
                                    <reason>
                                      <message><![CDATA[There was an error, when running 'TRR.O2I.UI.General.CO.COIssues.Case7Test']]></message>
                                    </reason>
                                  </test-suite>
                                  <test-suite type="TestFixture" name="TRR.O2I.UI.General.CO.COIssues.Case8Test" executed="False" result="NotRunnable">
                                    <properties>
                                      <property name="ndistribunit.agent-name" value="EPBYMINW1560 #001" />
                                    </properties>
                                    <reason>
                                      <message><![CDATA[There was an error, when running 'TRR.O2I.UI.General.CO.COIssues.Case8Test']]></message>
                                    </reason>
                                  </test-suite>
                                  <test-suite type="TestFixture" name="TRR.O2I.UI.General.CO.COIssues.Case9Test" executed="False" result="NotRunnable">
                                    <properties>
                                      <property name="ndistribunit.agent-name" value="EPBYMINW1560 #003" />
                                    </properties>
                                    <reason>
                                      <message><![CDATA[There was an error, when running 'TRR.O2I.UI.General.CO.COIssues.Case9Test']]></message>
                                    </reason>
                                  </test-suite>
                                  <test-suite type="TestFixture" name="TRR.O2I.UI.General.CO.COIssues.Cases1NewTest" executed="False" result="NotRunnable">
                                    <properties>
                                      <property name="ndistribunit.agent-name" value="EPBYMINW1560 #002" />
                                    </properties>
                                    <reason>
                                      <message><![CDATA[There was an error, when running 'TRR.O2I.UI.General.CO.COIssues.Cases1NewTest']]></message>
                                    </reason>
                                  </test-suite>
                                  <test-suite type="TestFixture" name="TRR.O2I.UI.General.CO.COIssues.Cases2NewTest" executed="False" result="NotRunnable">
                                    <properties>
                                      <property name="ndistribunit.agent-name" value="EPBYMINW1560 #001" />
                                    </properties>
                                    <reason>
                                      <message><![CDATA[There was an error, when running 'TRR.O2I.UI.General.CO.COIssues.Cases2NewTest']]></message>
                                    </reason>
                                  </test-suite>
                                  <test-suite type="TestFixture" name="TRR.O2I.UI.General.CO.COIssues.Cases3NewTest" executed="False" result="NotRunnable">
                                    <properties>
                                      <property name="ndistribunit.agent-name" value="EPBYMINW1560 #003" />
                                    </properties>
                                    <reason>
                                      <message><![CDATA[There was an error, when running 'TRR.O2I.UI.General.CO.COIssues.Cases3NewTest']]></message>
                                    </reason>
                                  </test-suite>
                                  <test-suite type="TestFixture" name="TRR.O2I.UI.General.CO.COIssues.Cases4NewTests" executed="False" result="NotRunnable">
                                    <properties>
                                      <property name="ndistribunit.agent-name" value="EPBYMINW1560 #002" />
                                    </properties>
                                    <reason>
                                      <message><![CDATA[There was an error, when running 'TRR.O2I.UI.General.CO.COIssues.Cases4NewTests']]></message>
                                    </reason>
                                  </test-suite>
                                  <test-suite type="TestFixture" name="TRR.O2I.UI.General.CO.COIssues.Cases5NewTest" executed="False" result="NotRunnable">
                                    <properties>
                                      <property name="ndistribunit.agent-name" value="EPBYMINW1560 #001" />
                                    </properties>
                                    <reason>
                                      <message><![CDATA[There was an error, when running 'TRR.O2I.UI.General.CO.COIssues.Cases5NewTest']]></message>
                                    </reason>
                                  </test-suite>
                                </results>
                              </test-suite>
                              <test-suite type="Namespace" name="TRR.O2I.UI.General.CO.COIssues2009" executed="False" result="NotRunnable">
                                <properties>
                                  <property name="ndistribunit.agent-name" value="EPBYMINW1560 #003" />
                                </properties>
                                <reason>
                                  <message><![CDATA[There was an error, when running 'TRR.O2I.UI.General.CO.COIssues2009.Case1']]></message>
                                </reason>
                                <results>
                                  <test-suite type="TestFixture" name="TRR.O2I.UI.General.CO.COIssues2009.Case1" executed="False" result="NotRunnable">
                                    <properties>
                                      <property name="ndistribunit.agent-name" value="EPBYMINW1560 #003" />
                                    </properties>
                                    <reason>
                                      <message><![CDATA[There was an error, when running 'TRR.O2I.UI.General.CO.COIssues2009.Case1']]></message>
                                    </reason>
                                  </test-suite>
                                  <test-suite type="TestFixture" name="TRR.O2I.UI.General.CO.COIssues2009.Case11" executed="False" result="NotRunnable">
                                    <properties>
                                      <property name="ndistribunit.agent-name" value="EPBYMINW1560 #003" />
                                    </properties>
                                    <reason>
                                      <message><![CDATA[There was an error, when running 'TRR.O2I.UI.General.CO.COIssues2009.Case11']]></message>
                                    </reason>
                                  </test-suite>
                                  <test-suite type="TestFixture" name="TRR.O2I.UI.General.CO.COIssues2009.Case12" executed="False" result="NotRunnable">
                                    <properties>
                                      <property name="ndistribunit.agent-name" value="EPBYMINW1560 #003" />
                                    </properties>
                                    <reason>
                                      <message><![CDATA[There was an error, when running 'TRR.O2I.UI.General.CO.COIssues2009.Case12']]></message>
                                    </reason>
                                  </test-suite>
                                  <test-suite type="TestFixture" name="TRR.O2I.UI.General.CO.COIssues2009.Case13" executed="False" result="NotRunnable">
                                    <properties>
                                      <property name="ndistribunit.agent-name" value="EPBYMINW1560 #003" />
                                    </properties>
                                    <reason>
                                      <message><![CDATA[There was an error, when running 'TRR.O2I.UI.General.CO.COIssues2009.Case13']]></message>
                                    </reason>
                                  </test-suite>
                                  <test-suite type="TestFixture" name="TRR.O2I.UI.General.CO.COIssues2009.Case14" executed="False" result="NotRunnable">
                                    <properties>
                                      <property name="ndistribunit.agent-name" value="EPBYMINW1560 #003" />
                                    </properties>
                                    <reason>
                                      <message><![CDATA[There was an error, when running 'TRR.O2I.UI.General.CO.COIssues2009.Case14']]></message>
                                    </reason>
                                  </test-suite>
                                  <test-suite type="TestFixture" name="TRR.O2I.UI.General.CO.COIssues2009.Case10" executed="False" result="NotRunnable">
                                    <properties>
                                      <property name="ndistribunit.agent-name" value="EPBYMINW1560 #002" />
                                    </properties>
                                    <reason>
                                      <message><![CDATA[There was an error, when running 'TRR.O2I.UI.General.CO.COIssues2009.Case10']]></message>
                                    </reason>
                                  </test-suite>
                                  <test-suite type="TestFixture" name="TRR.O2I.UI.General.CO.COIssues2009.Case15" executed="False" result="NotRunnable">
                                    <properties>
                                      <property name="ndistribunit.agent-name" value="EPBYMINW1560 #003" />
                                    </properties>
                                    <reason>
                                      <message><![CDATA[There was an error, when running 'TRR.O2I.UI.General.CO.COIssues2009.Case15']]></message>
                                    </reason>
                                  </test-suite>
                                  <test-suite type="TestFixture" name="TRR.O2I.UI.General.CO.COIssues2009.Case3" executed="False" result="NotRunnable">
                                    <properties>
                                      <property name="ndistribunit.agent-name" value="EPBYMINW1560 #001" />
                                    </properties>
                                    <reason>
                                      <message><![CDATA[There was an error, when running 'TRR.O2I.UI.General.CO.COIssues2009.Case3']]></message>
                                    </reason>
                                  </test-suite>
                                  <test-suite type="TestFixture" name="TRR.O2I.UI.General.CO.COIssues2009.Case16" executed="False" result="NotRunnable">
                                    <properties>
                                      <property name="ndistribunit.agent-name" value="EPBYMINW1560 #002" />
                                    </properties>
                                    <reason>
                                      <message><![CDATA[There was an error, when running 'TRR.O2I.UI.General.CO.COIssues2009.Case16']]></message>
                                    </reason>
                                  </test-suite>
                                  <test-suite type="TestFixture" name="TRR.O2I.UI.General.CO.COIssues2009.Case4" executed="False" result="NotRunnable">
                                    <properties>
                                      <property name="ndistribunit.agent-name" value="EPBYMINW1560 #001" />
                                    </properties>
                                    <reason>
                                      <message><![CDATA[There was an error, when running 'TRR.O2I.UI.General.CO.COIssues2009.Case4']]></message>
                                    </reason>
                                  </test-suite>
                                  <test-suite type="TestFixture" name="TRR.O2I.UI.General.CO.COIssues2009.Case5" executed="False" result="NotRunnable">
                                    <properties>
                                      <property name="ndistribunit.agent-name" value="EPBYMINW1560 #002" />
                                    </properties>
                                    <reason>
                                      <message><![CDATA[There was an error, when running 'TRR.O2I.UI.General.CO.COIssues2009.Case5']]></message>
                                    </reason>
                                  </test-suite>
                                  <test-suite type="TestFixture" name="TRR.O2I.UI.General.CO.COIssues2009.Case6" executed="False" result="NotRunnable">
                                    <properties>
                                      <property name="ndistribunit.agent-name" value="EPBYMINW1560 #001" />
                                    </properties>
                                    <reason>
                                      <message><![CDATA[There was an error, when running 'TRR.O2I.UI.General.CO.COIssues2009.Case6']]></message>
                                    </reason>
                                  </test-suite>
                                  <test-suite type="TestFixture" name="TRR.O2I.UI.General.CO.COIssues2009.Case7" executed="False" result="NotRunnable">
                                    <properties>
                                      <property name="ndistribunit.agent-name" value="EPBYMINW1560 #002" />
                                    </properties>
                                    <reason>
                                      <message><![CDATA[There was an error, when running 'TRR.O2I.UI.General.CO.COIssues2009.Case7']]></message>
                                    </reason>
                                  </test-suite>
                                  <test-suite type="TestFixture" name="TRR.O2I.UI.General.CO.COIssues2009.Case8" executed="False" result="NotRunnable">
                                    <properties>
                                      <property name="ndistribunit.agent-name" value="EPBYMINW1560 #001" />
                                    </properties>
                                    <reason>
                                      <message><![CDATA[There was an error, when running 'TRR.O2I.UI.General.CO.COIssues2009.Case8']]></message>
                                    </reason>
                                  </test-suite>
                                  <test-suite type="TestFixture" name="TRR.O2I.UI.General.CO.COIssues2009.Case2" executed="False" result="NotRunnable">
                                    <properties>
                                      <property name="ndistribunit.agent-name" value="EPBYMINW1560 #003" />
                                    </properties>
                                    <reason>
                                      <message><![CDATA[There was an error, when running 'TRR.O2I.UI.General.CO.COIssues2009.Case2']]></message>
                                    </reason>
                                  </test-suite>
                                  <test-suite type="TestFixture" name="TRR.O2I.UI.General.CO.COIssues2009.Case9" executed="False" result="NotRunnable">
                                    <properties>
                                      <property name="ndistribunit.agent-name" value="EPBYMINW1560 #002" />
                                    </properties>
                                    <reason>
                                      <message><![CDATA[There was an error, when running 'TRR.O2I.UI.General.CO.COIssues2009.Case9']]></message>
                                    </reason>
                                  </test-suite>
                                </results>
                              </test-suite>
                            </results>
                          </test-suite>
                          <test-suite type="Namespace" name="TRR.O2I.UI.General.Configuration" executed="False" result="NotRunnable">
                            <properties>
                              <property name="ndistribunit.agent-name" value="EPBYMINW1560 #001" />
                            </properties>
                            <reason>
                              <message><![CDATA[There was an error, when running 'TRR.O2I.UI.General.Configuration.ConfigurableParametersTests.MaterialTests']]></message>
                            </reason>
                            <results>
                              <test-suite type="Namespace" name="TRR.O2I.UI.General.Configuration.ConfigurableParametersTests" executed="False" result="NotRunnable">
                                <properties>
                                  <property name="ndistribunit.agent-name" value="EPBYMINW1560 #001" />
                                </properties>
                                <reason>
                                  <message><![CDATA[There was an error, when running 'TRR.O2I.UI.General.Configuration.ConfigurableParametersTests.MaterialTests']]></message>
                                </reason>
                                <results>
                                  <test-suite type="TestFixture" name="TRR.O2I.UI.General.Configuration.ConfigurableParametersTests.MaterialTests" executed="False" result="NotRunnable">
                                    <properties>
                                      <property name="ndistribunit.agent-name" value="EPBYMINW1560 #001" />
                                    </properties>
                                    <reason>
                                      <message><![CDATA[There was an error, when running 'TRR.O2I.UI.General.Configuration.ConfigurableParametersTests.MaterialTests']]></message>
                                    </reason>
                                  </test-suite>
                                  <test-suite type="TestFixture" name="TRR.O2I.UI.General.Configuration.ConfigurableParametersTests.ServiceLimitTests" executed="False" result="NotRunnable">
                                    <properties>
                                      <property name="ndistribunit.agent-name" value="EPBYMINW1560 #003" />
                                    </properties>
                                    <reason>
                                      <message><![CDATA[There was an error, when running 'TRR.O2I.UI.General.Configuration.ConfigurableParametersTests.ServiceLimitTests']]></message>
                                    </reason>
                                  </test-suite>
                                  <test-suite type="TestFixture" name="TRR.O2I.UI.General.Configuration.ConfigurableParametersTests.ServiceUnplannedTests" executed="False" result="NotRunnable">
                                    <properties>
                                      <property name="ndistribunit.agent-name" value="EPBYMINW1560 #003" />
                                    </properties>
                                    <reason>
                                      <message><![CDATA[There was an error, when running 'TRR.O2I.UI.General.Configuration.ConfigurableParametersTests.ServiceUnplannedTests']]></message>
                                    </reason>
                                  </test-suite>
                                  <test-suite type="TestFixture" name="TRR.O2I.UI.General.Configuration.ConfigurableParametersTests.ServiceMixedTests" executed="False" result="NotRunnable">
                                    <properties>
                                      <property name="ndistribunit.agent-name" value="EPBYMINW1560 #002" />
                                    </properties>
                                    <reason>
                                      <message><![CDATA[There was an error, when running 'TRR.O2I.UI.General.Configuration.ConfigurableParametersTests.ServiceMixedTests']]></message>
                                    </reason>
                                  </test-suite>
                                  <test-suite type="TestFixture" name="TRR.O2I.UI.General.Configuration.ConfigurableParametersTests.ServicePlannedTests" executed="False" result="NotRunnable">
                                    <properties>
                                      <property name="ndistribunit.agent-name" value="EPBYMINW1560 #001" />
                                    </properties>
                                    <reason>
                                      <message><![CDATA[There was an error, when running 'TRR.O2I.UI.General.Configuration.ConfigurableParametersTests.ServicePlannedTests']]></message>
                                    </reason>
                                  </test-suite>
                                </results>
                              </test-suite>
                            </results>
                          </test-suite>
                          <test-suite type="Namespace" name="TRR.O2I.UI.General.ES" executed="False" result="NotRunnable">
                            <properties>
                              <property name="ndistribunit.agent-name" value="EPBYMINW1560 #003" />
                            </properties>
                            <reason>
                              <message><![CDATA[There was an error, when running 'TRR.O2I.UI.General.ES.USA.SESTestsUsa']]></message>
                            </reason>
                            <results>
                              <test-suite type="Namespace" name="TRR.O2I.UI.General.ES.USA" executed="False" result="NotRunnable">
                                <properties>
                                  <property name="ndistribunit.agent-name" value="EPBYMINW1560 #003" />
                                </properties>
                                <reason>
                                  <message><![CDATA[There was an error, when running 'TRR.O2I.UI.General.ES.USA.SESTestsUsa']]></message>
                                </reason>
                                <results>
                                  <test-suite type="TestFixture" name="TRR.O2I.UI.General.ES.USA.SESTestsUsa" executed="False" result="NotRunnable">
                                    <properties>
                                      <property name="ndistribunit.agent-name" value="EPBYMINW1560 #003" />
                                    </properties>
                                    <reason>
                                      <message><![CDATA[There was an error, when running 'TRR.O2I.UI.General.ES.USA.SESTestsUsa']]></message>
                                    </reason>
                                  </test-suite>
                                  <test-suite type="TestFixture" name="TRR.O2I.UI.General.ES.USA.TESTestsUsa" executed="False" result="NotRunnable">
                                    <properties>
                                      <property name="ndistribunit.agent-name" value="EPBYMINW1560 #002" />
                                    </properties>
                                    <reason>
                                      <message><![CDATA[There was an error, when running 'TRR.O2I.UI.General.ES.USA.TESTestsUsa']]></message>
                                    </reason>
                                  </test-suite>
                                </results>
                              </test-suite>
                            </results>
                          </test-suite>
                          <test-suite type="Namespace" name="TRR.O2I.UI.General.GR" executed="False" result="NotRunnable">
                            <properties>
                              <property name="ndistribunit.agent-name" value="EPBYMINW1560 #003" />
                            </properties>
                            <reason>
                              <message><![CDATA[There was an error, when running 'TRR.O2I.UI.General.GR.AbilityIcons.InvoicingAbilityIcons_FinalInvoice_Tests']]></message>
                            </reason>
                            <results>
                              <test-suite type="Namespace" name="TRR.O2I.UI.General.GR.AbilityIcons" executed="False" result="NotRunnable">
                                <properties>
                                  <property name="ndistribunit.agent-name" value="EPBYMINW1560 #003" />
                                </properties>
                                <reason>
                                  <message><![CDATA[There was an error, when running 'TRR.O2I.UI.General.GR.AbilityIcons.InvoicingAbilityIcons_FinalInvoice_Tests']]></message>
                                </reason>
                                <results>
                                  <test-suite type="TestFixture" name="TRR.O2I.UI.General.GR.AbilityIcons.InvoicingAbilityIcons_FinalInvoice_Tests" executed="False" result="NotRunnable">
                                    <properties>
                                      <property name="ndistribunit.agent-name" value="EPBYMINW1560 #003" />
                                    </properties>
                                    <reason>
                                      <message><![CDATA[There was an error, when running 'TRR.O2I.UI.General.GR.AbilityIcons.InvoicingAbilityIcons_FinalInvoice_Tests']]></message>
                                    </reason>
                                  </test-suite>
                                  <test-suite type="TestFixture" name="TRR.O2I.UI.General.GR.AbilityIcons.InvoicingAbilityIcons_Trip22Material" executed="False" result="NotRunnable">
                                    <properties>
                                      <property name="ndistribunit.agent-name" value="EPBYMINW1560 #003" />
                                    </properties>
                                    <reason>
                                      <message><![CDATA[There was an error, when running 'TRR.O2I.UI.General.GR.AbilityIcons.InvoicingAbilityIcons_Trip22Material']]></message>
                                    </reason>
                                  </test-suite>
                                  <test-suite type="TestFixture" name="TRR.O2I.UI.General.GR.AbilityIcons.InvoicingAbilityIcons_Trip22PlannedService" executed="False" result="NotRunnable">
                                    <properties>
                                      <property name="ndistribunit.agent-name" value="EPBYMINW1560 #001" />
                                    </properties>
                                    <reason>
                                      <message><![CDATA[There was an error, when running 'TRR.O2I.UI.General.GR.AbilityIcons.InvoicingAbilityIcons_Trip22PlannedService']]></message>
                                    </reason>
                                  </test-suite>
                                  <test-suite type="TestFixture" name="TRR.O2I.UI.General.GR.AbilityIcons.InvoicingAbilityIcons_Trip2Spain" executed="False" result="NotRunnable">
                                    <properties>
                                      <property name="ndistribunit.agent-name" value="EPBYMINW1560 #001" />
                                    </properties>
                                    <reason>
                                      <message><![CDATA[There was an error, when running 'TRR.O2I.UI.General.GR.AbilityIcons.InvoicingAbilityIcons_Trip2Spain']]></message>
                                    </reason>
                                  </test-suite>
                                  <test-suite type="TestFixture" name="TRR.O2I.UI.General.GR.AbilityIcons.InvoicingAbilityIcons_Trip22UnplannedService" executed="False" result="NotRunnable">
                                    <properties>
                                      <property name="ndistribunit.agent-name" value="EPBYMINW1560 #002" />
                                    </properties>
                                    <reason>
                                      <message><![CDATA[There was an error, when running 'TRR.O2I.UI.General.GR.AbilityIcons.InvoicingAbilityIcons_Trip22UnplannedService']]></message>
                                    </reason>
                                  </test-suite>
                                  <test-suite type="TestFixture" name="TRR.O2I.UI.General.GR.AbilityIcons.InvoicingAbilityIcons_Trip2USA" executed="False" result="NotRunnable">
                                    <properties>
                                      <property name="ndistribunit.agent-name" value="EPBYMINW1560 #001" />
                                    </properties>
                                    <reason>
                                      <message><![CDATA[There was an error, when running 'TRR.O2I.UI.General.GR.AbilityIcons.InvoicingAbilityIcons_Trip2USA']]></message>
                                    </reason>
                                  </test-suite>
                                  <test-suite type="TestFixture" name="TRR.O2I.UI.General.GR.AbilityIcons.InvoicingAbilityIcons_Trip2WEZ02" executed="False" result="NotRunnable">
                                    <properties>
                                      <property name="ndistribunit.agent-name" value="EPBYMINW1560 #001" />
                                    </properties>
                                    <reason>
                                      <message><![CDATA[There was an error, when running 'TRR.O2I.UI.General.GR.AbilityIcons.InvoicingAbilityIcons_Trip2WEZ02']]></message>
                                    </reason>
                                  </test-suite>
                                  <test-suite type="TestFixture" name="TRR.O2I.UI.General.GR.AbilityIcons.InvoicingAbilityIcons_Trip2WEZ01" executed="False" result="NotRunnable">
                                    <properties>
                                      <property name="ndistribunit.agent-name" value="EPBYMINW1560 #002" />
                                    </properties>
                                    <reason>
                                      <message><![CDATA[There was an error, when running 'TRR.O2I.UI.General.GR.AbilityIcons.InvoicingAbilityIcons_Trip2WEZ01']]></message>
                                    </reason>
                                  </test-suite>
                                  <test-suite type="TestFixture" name="TRR.O2I.UI.General.GR.AbilityIcons.InvoicingAbilityIcons_Trip2WEZ03" executed="False" result="NotRunnable">
                                    <properties>
                                      <property name="ndistribunit.agent-name" value="EPBYMINW1560 #001" />
                                    </properties>
                                    <reason>
                                      <message><![CDATA[There was an error, when running 'TRR.O2I.UI.General.GR.AbilityIcons.InvoicingAbilityIcons_Trip2WEZ03']]></message>
                                    </reason>
                                  </test-suite>
                                  <test-suite type="TestFixture" name="TRR.O2I.UI.General.GR.AbilityIcons.InvoicingAbilityIcons_Trip2WEZ04" executed="False" result="NotRunnable">
                                    <properties>
                                      <property name="ndistribunit.agent-name" value="EPBYMINW1560 #002" />
                                    </properties>
                                    <reason>
                                      <message><![CDATA[There was an error, when running 'TRR.O2I.UI.General.GR.AbilityIcons.InvoicingAbilityIcons_Trip2WEZ04']]></message>
                                    </reason>
                                  </test-suite>
                                  <test-suite type="TestFixture" name="TRR.O2I.UI.General.GR.AbilityIcons.InvoicingAbilityIcons_Trip2WEZ05" executed="False" result="NotRunnable">
                                    <properties>
                                      <property name="ndistribunit.agent-name" value="EPBYMINW1560 #001" />
                                    </properties>
                                    <reason>
                                      <message><![CDATA[There was an error, when running 'TRR.O2I.UI.General.GR.AbilityIcons.InvoicingAbilityIcons_Trip2WEZ05']]></message>
                                    </reason>
                                  </test-suite>
                                  <test-suite type="TestFixture" name="TRR.O2I.UI.General.GR.AbilityIcons.InvoicingAbilityIcons_Trip2xCBL" executed="False" result="NotRunnable">
                                    <properties>
                                      <property name="ndistribunit.agent-name" value="EPBYMINW1560 #002" />
                                    </properties>
                                    <reason>
                                      <message><![CDATA[There was an error, when running 'TRR.O2I.UI.General.GR.AbilityIcons.InvoicingAbilityIcons_Trip2xCBL']]></message>
                                    </reason>
                                  </test-suite>
                                  <test-suite type="TestFixture" name="TRR.O2I.UI.General.GR.AbilityIcons.InvoicingAbilityIcons_Trip2Germany" executed="False" result="NotRunnable">
                                    <properties>
                                      <property name="ndistribunit.agent-name" value="EPBYMINW1560 #003" />
                                    </properties>
                                    <reason>
                                      <message><![CDATA[There was an error, when running 'TRR.O2I.UI.General.GR.AbilityIcons.InvoicingAbilityIcons_Trip2Germany']]></message>
                                    </reason>
                                  </test-suite>
                                  <test-suite type="TestFixture" name="TRR.O2I.UI.General.GR.AbilityIcons.InvoicingAbilityIcons_Trip2Z04_Tests" executed="False" result="NotRunnable">
                                    <properties>
                                      <property name="ndistribunit.agent-name" value="EPBYMINW1560 #002" />
                                    </properties>
                                    <reason>
                                      <message><![CDATA[There was an error, when running 'TRR.O2I.UI.General.GR.AbilityIcons.InvoicingAbilityIcons_Trip2Z04_Tests']]></message>
                                    </reason>
                                  </test-suite>
                                  <test-suite type="TestFixture" name="TRR.O2I.UI.General.GR.AbilityIcons.InvoicingAbilityIcons_Trip2Z03_Tests" executed="False" result="NotRunnable">
                                    <properties>
                                      <property name="ndistribunit.agent-name" value="EPBYMINW1560 #001" />
                                    </properties>
                                    <reason>
                                      <message><![CDATA[There was an error, when running 'TRR.O2I.UI.General.GR.AbilityIcons.InvoicingAbilityIcons_Trip2Z03_Tests']]></message>
                                    </reason>
                                  </test-suite>
                                </results>
                              </test-suite>
                              <test-suite type="Namespace" name="TRR.O2I.UI.General.GR.GRCases" executed="False" result="NotRunnable">
                                <properties>
                                  <property name="ndistribunit.agent-name" value="EPBYMINW1560 #003" />
                                </properties>
                                <reason>
                                  <message><![CDATA[There was an error, when running 'TRR.O2I.UI.General.GR.GRCases.GRCasesTrip22Tests']]></message>
                                </reason>
                                <results>
                                  <test-suite type="TestFixture" name="TRR.O2I.UI.General.GR.GRCases.GRCasesTrip22Tests" executed="False" result="NotRunnable">
                                    <properties>
                                      <property name="ndistribunit.agent-name" value="EPBYMINW1560 #003" />
                                    </properties>
                                    <reason>
                                      <message><![CDATA[There was an error, when running 'TRR.O2I.UI.General.GR.GRCases.GRCasesTrip22Tests']]></message>
                                    </reason>
                                  </test-suite>
                                  <test-suite type="TestFixture" name="TRR.O2I.UI.General.GR.GRCases.GrCasesTrip2WithGrNettingTestsFrance" executed="False" result="NotRunnable">
                                    <properties>
                                      <property name="ndistribunit.agent-name" value="EPBYMINW1560 #003" />
                                    </properties>
                                    <reason>
                                      <message><![CDATA[There was an error, when running 'TRR.O2I.UI.General.GR.GRCases.GrCasesTrip2WithGrNettingTestsFrance']]></message>
                                    </reason>
                                  </test-suite>
                                  <test-suite type="TestFixture" name="TRR.O2I.UI.General.GR.GRCases.GrCasesTrip2WithGrNettingTestsXCBL3" executed="False" result="NotRunnable">
                                    <properties>
                                      <property name="ndistribunit.agent-name" value="EPBYMINW1560 #003" />
                                    </properties>
                                    <reason>
                                      <message><![CDATA[There was an error, when running 'TRR.O2I.UI.General.GR.GRCases.GrCasesTrip2WithGrNettingTestsXCBL3']]></message>
                                    </reason>
                                  </test-suite>
                                  <test-suite type="TestFixture" name="TRR.O2I.UI.General.GR.GRCases.GrCasesTrip2WithoutGrNettingTestsFrance" executed="False" result="NotRunnable">
                                    <properties>
                                      <property name="ndistribunit.agent-name" value="EPBYMINW1560 #003" />
                                    </properties>
                                    <reason>
                                      <message><![CDATA[There was an error, when running 'TRR.O2I.UI.General.GR.GRCases.GrCasesTrip2WithoutGrNettingTestsFrance']]></message>
                                    </reason>
                                  </test-suite>
                                  <test-suite type="TestFixture" name="TRR.O2I.UI.General.GR.GRCases.GrCasesTrip2WithoutGrNettingTestsXCBL3" executed="False" result="NotRunnable">
                                    <properties>
                                      <property name="ndistribunit.agent-name" value="EPBYMINW1560 #003" />
                                    </properties>
                                    <reason>
                                      <message><![CDATA[There was an error, when running 'TRR.O2I.UI.General.GR.GRCases.GrCasesTrip2WithoutGrNettingTestsXCBL3']]></message>
                                    </reason>
                                  </test-suite>
                                </results>
                              </test-suite>
                            </results>
                          </test-suite>
                          <test-suite type="Namespace" name="TRR.O2I.UI.General.INV" executed="False" result="NotRunnable">
                            <properties>
                              <property name="ndistribunit.agent-name" value="EPBYMINW1560 #003" />
                            </properties>
                            <reason>
                              <message><![CDATA[There was an error, when running 'TRR.O2I.UI.General.INV.AggregatedTaxAmounts.TaxAmountsTestCase_4(Other)']]></message>
                            </reason>
                            <results>
                              <test-suite type="Namespace" name="TRR.O2I.UI.General.INV.AggregatedTaxAmounts" executed="False" result="NotRunnable">
                                <properties>
                                  <property name="ndistribunit.agent-name" value="EPBYMINW1560 #003" />
                                </properties>
                                <reason>
                                  <message><![CDATA[There was an error, when running 'TRR.O2I.UI.General.INV.AggregatedTaxAmounts.TaxAmountsTestCase_4(Other)']]></message>
                                </reason>
                                <results>
                                  <test-suite type="TestFixture" name="TRR.O2I.UI.General.INV.AggregatedTaxAmounts.TaxAmountsTestCase_4(Other)" executed="False" result="NotRunnable">
                                    <properties>
                                      <property name="ndistribunit.agent-name" value="EPBYMINW1560 #003" />
                                    </properties>
                                    <reason>
                                      <message><![CDATA[There was an error, when running 'TRR.O2I.UI.General.INV.AggregatedTaxAmounts.TaxAmountsTestCase_4(Other)']]></message>
                                    </reason>
                                  </test-suite>
                                  <test-suite type="TestFixture" name="TRR.O2I.UI.General.INV.AggregatedTaxAmounts.TaxAmountsTestCases_1_2_3_5(Belgium)" executed="False" result="NotRunnable">
                                    <properties>
                                      <property name="ndistribunit.agent-name" value="EPBYMINW1560 #002" />
                                    </properties>
                                    <reason>
                                      <message><![CDATA[There was an error, when running 'TRR.O2I.UI.General.INV.AggregatedTaxAmounts.TaxAmountsTestCases_1_2_3_5(Belgium)']]></message>
                                    </reason>
                                  </test-suite>
                                  <test-suite type="TestFixture" name="TRR.O2I.UI.General.INV.AggregatedTaxAmounts.TaxAmountsTestCase_4(USA)" executed="False" result="NotRunnable">
                                    <properties>
                                      <property name="ndistribunit.agent-name" value="EPBYMINW1560 #001" />
                                    </properties>
                                    <reason>
                                      <message><![CDATA[There was an error, when running 'TRR.O2I.UI.General.INV.AggregatedTaxAmounts.TaxAmountsTestCase_4(USA)']]></message>
                                    </reason>
                                  </test-suite>
                                  <test-suite type="TestFixture" name="TRR.O2I.UI.General.INV.AggregatedTaxAmounts.TaxAmountsTestCases_1_2_3_5(Netherlands)" executed="False" result="NotRunnable">
                                    <properties>
                                      <property name="ndistribunit.agent-name" value="EPBYMINW1560 #001" />
                                    </properties>
                                    <reason>
                                      <message><![CDATA[There was an error, when running 'TRR.O2I.UI.General.INV.AggregatedTaxAmounts.TaxAmountsTestCases_1_2_3_5(Netherlands)']]></message>
                                    </reason>
                                  </test-suite>
                                  <test-suite type="TestFixture" name="TRR.O2I.UI.General.INV.AggregatedTaxAmounts.TaxAmountsTestCases_1_2_3_5(Germany)" executed="False" result="NotRunnable">
                                    <properties>
                                      <property name="ndistribunit.agent-name" value="EPBYMINW1560 #002" />
                                    </properties>
                                    <reason>
                                      <message><![CDATA[There was an error, when running 'TRR.O2I.UI.General.INV.AggregatedTaxAmounts.TaxAmountsTestCases_1_2_3_5(Germany)']]></message>
                                    </reason>
                                  </test-suite>
                                  <test-suite type="TestFixture" name="TRR.O2I.UI.General.INV.AggregatedTaxAmounts.TaxAmountsTestCases_1_2_3_5(Norway)" executed="False" result="NotRunnable">
                                    <properties>
                                      <property name="ndistribunit.agent-name" value="EPBYMINW1560 #001" />
                                    </properties>
                                    <reason>
                                      <message><![CDATA[There was an error, when running 'TRR.O2I.UI.General.INV.AggregatedTaxAmounts.TaxAmountsTestCases_1_2_3_5(Norway)']]></message>
                                    </reason>
                                  </test-suite>
                                  <test-suite type="TestFixture" name="TRR.O2I.UI.General.INV.AggregatedTaxAmounts.TaxAmountsTestCases_1_2_3_5(Other)" executed="False" result="NotRunnable">
                                    <properties>
                                      <property name="ndistribunit.agent-name" value="EPBYMINW1560 #002" />
                                    </properties>
                                    <reason>
                                      <message><![CDATA[There was an error, when running 'TRR.O2I.UI.General.INV.AggregatedTaxAmounts.TaxAmountsTestCases_1_2_3_5(Other)']]></message>
                                    </reason>
                                  </test-suite>
                                  <test-suite type="TestFixture" name="TRR.O2I.UI.General.INV.AggregatedTaxAmounts.TaxAmountsTestCases_1_2_3_5(Spain)" executed="False" result="NotRunnable">
                                    <properties>
                                      <property name="ndistribunit.agent-name" value="EPBYMINW1560 #001" />
                                    </properties>
                                    <reason>
                                      <message><![CDATA[There was an error, when running 'TRR.O2I.UI.General.INV.AggregatedTaxAmounts.TaxAmountsTestCases_1_2_3_5(Spain)']]></message>
                                    </reason>
                                  </test-suite>
                                  <test-suite type="TestFixture" name="TRR.O2I.UI.General.INV.AggregatedTaxAmounts.TaxAmountsTestCases_1_2_3_5(Switzerland)" executed="False" result="NotRunnable">
                                    <properties>
                                      <property name="ndistribunit.agent-name" value="EPBYMINW1560 #002" />
                                    </properties>
                                    <reason>
                                      <message><![CDATA[There was an error, when running 'TRR.O2I.UI.General.INV.AggregatedTaxAmounts.TaxAmountsTestCases_1_2_3_5(Switzerland)']]></message>
                                    </reason>
                                  </test-suite>
                                  <test-suite type="TestFixture" name="TRR.O2I.UI.General.INV.AggregatedTaxAmounts.TaxAmountsTestCases_1_2_3_5(UnitedKingdom)" executed="False" result="NotRunnable">
                                    <properties>
                                      <property name="ndistribunit.agent-name" value="EPBYMINW1560 #001" />
                                    </properties>
                                    <reason>
                                      <message><![CDATA[There was an error, when running 'TRR.O2I.UI.General.INV.AggregatedTaxAmounts.TaxAmountsTestCases_1_2_3_5(UnitedKingdom)']]></message>
                                    </reason>
                                  </test-suite>
                                  <test-suite type="TestFixture" name="TRR.O2I.UI.General.INV.AggregatedTaxAmounts.TaxAmountsTestCases_1_2_3_5(USA)" executed="False" result="NotRunnable">
                                    <properties>
                                      <property name="ndistribunit.agent-name" value="EPBYMINW1560 #001" />
                                    </properties>
                                    <reason>
                                      <message><![CDATA[There was an error, when running 'TRR.O2I.UI.General.INV.AggregatedTaxAmounts.TaxAmountsTestCases_1_2_3_5(USA)']]></message>
                                    </reason>
                                  </test-suite>
                                  <test-suite type="TestFixture" name="TRR.O2I.UI.General.INV.AggregatedTaxAmounts.TaxAmountsTestCases_1_2_3_5(France)" executed="False" result="NotRunnable">
                                    <properties>
                                      <property name="ndistribunit.agent-name" value="EPBYMINW1560 #003" />
                                    </properties>
                                    <reason>
                                      <message><![CDATA[There was an error, when running 'TRR.O2I.UI.General.INV.AggregatedTaxAmounts.TaxAmountsTestCases_1_2_3_5(France)']]></message>
                                    </reason>
                                  </test-suite>
                                </results>
                              </test-suite>
                              <test-suite type="Namespace" name="TRR.O2I.UI.General.INV.DownloadPDFAbility" executed="False" result="NotRunnable">
                                <properties>
                                  <property name="ndistribunit.agent-name" value="EPBYMINW1560 #002" />
                                </properties>
                                <reason>
                                  <message><![CDATA[There was an error, when running 'TRR.O2I.UI.General.INV.DownloadPDFAbility.InitialCountryBelgiumTest']]></message>
                                </reason>
                                <results>
                                  <test-suite type="TestFixture" name="TRR.O2I.UI.General.INV.DownloadPDFAbility.InitialCountryBelgiumTest" executed="False" result="NotRunnable">
                                    <properties>
                                      <property name="ndistribunit.agent-name" value="EPBYMINW1560 #002" />
                                    </properties>
                                    <reason>
                                      <message><![CDATA[There was an error, when running 'TRR.O2I.UI.General.INV.DownloadPDFAbility.InitialCountryBelgiumTest']]></message>
                                    </reason>
                                  </test-suite>
                                  <test-suite type="TestFixture" name="TRR.O2I.UI.General.INV.DownloadPDFAbility.InitialCountryNetherlandsTest" executed="False" result="NotRunnable">
                                    <properties>
                                      <property name="ndistribunit.agent-name" value="EPBYMINW1560 #003" />
                                    </properties>
                                    <reason>
                                      <message><![CDATA[There was an error, when running 'TRR.O2I.UI.General.INV.DownloadPDFAbility.InitialCountryNetherlandsTest']]></message>
                                    </reason>
                                  </test-suite>
                                  <test-suite type="TestFixture" name="TRR.O2I.UI.General.INV.DownloadPDFAbility.InitialCountryGermanyTest" executed="False" result="NotRunnable">
                                    <properties>
                                      <property name="ndistribunit.agent-name" value="EPBYMINW1560 #002" />
                                    </properties>
                                    <reason>
                                      <message><![CDATA[There was an error, when running 'TRR.O2I.UI.General.INV.DownloadPDFAbility.InitialCountryGermanyTest']]></message>
                                    </reason>
                                  </test-suite>
                                  <test-suite type="TestFixture" name="TRR.O2I.UI.General.INV.DownloadPDFAbility.InitialCountryNorwayTest" executed="False" result="NotRunnable">
                                    <properties>
                                      <property name="ndistribunit.agent-name" value="EPBYMINW1560 #003" />
                                    </properties>
                                    <reason>
                                      <message><![CDATA[There was an error, when running 'TRR.O2I.UI.General.INV.DownloadPDFAbility.InitialCountryNorwayTest']]></message>
                                    </reason>
                                  </test-suite>
                                  <test-suite type="TestFixture" name="TRR.O2I.UI.General.INV.DownloadPDFAbility.InitialCountryOtherTest" executed="False" result="NotRunnable">
                                    <properties>
                                      <property name="ndistribunit.agent-name" value="EPBYMINW1560 #002" />
                                    </properties>
                                    <reason>
                                      <message><![CDATA[There was an error, when running 'TRR.O2I.UI.General.INV.DownloadPDFAbility.InitialCountryOtherTest']]></message>
                                    </reason>
                                  </test-suite>
                                  <test-suite type="TestFixture" name="TRR.O2I.UI.General.INV.DownloadPDFAbility.InitialCountrySpainTest" executed="False" result="NotRunnable">
                                    <properties>
                                      <property name="ndistribunit.agent-name" value="EPBYMINW1560 #003" />
                                    </properties>
                                    <reason>
                                      <message><![CDATA[There was an error, when running 'TRR.O2I.UI.General.INV.DownloadPDFAbility.InitialCountrySpainTest']]></message>
                                    </reason>
                                  </test-suite>
                                  <test-suite type="TestFixture" name="TRR.O2I.UI.General.INV.DownloadPDFAbility.InitialCountrySwitzerlandTest" executed="False" result="NotRunnable">
                                    <properties>
                                      <property name="ndistribunit.agent-name" value="EPBYMINW1560 #002" />
                                    </properties>
                                    <reason>
                                      <message><![CDATA[There was an error, when running 'TRR.O2I.UI.General.INV.DownloadPDFAbility.InitialCountrySwitzerlandTest']]></message>
                                    </reason>
                                  </test-suite>
                                  <test-suite type="TestFixture" name="TRR.O2I.UI.General.INV.DownloadPDFAbility.InitialCountryFranceTest" executed="False" result="NotRunnable">
                                    <properties>
                                      <property name="ndistribunit.agent-name" value="EPBYMINW1560 #001" />
                                    </properties>
                                    <reason>
                                      <message><![CDATA[There was an error, when running 'TRR.O2I.UI.General.INV.DownloadPDFAbility.InitialCountryFranceTest']]></message>
                                    </reason>
                                  </test-suite>
                                  <test-suite type="TestFixture" name="TRR.O2I.UI.General.INV.DownloadPDFAbility.InitialCountryUKTest" executed="False" result="NotRunnable">
                                    <properties>
[...]
                                        <properties>
                                          <property name="ndistribunit.agent-name" value="EPBYMINW1560 #002" />
                                        </properties>
                                        <reason>
                                          <message><![CDATA[There was an error, when running 'TRR.O2I.UI.Test.Tests.Subsequent.SubsequentINValong.SubsequentInvxcbl30']]></message>
                                        </reason>
                                      </test-suite>
                                    </results>
                                  </test-suite>
                                </results>
                              </test-suite>
                            </results>
                          </test-suite>
                        </results>
                      </test-suite>
                      <test-suite type="Namespace" name="TRR.O2I.UI.XMLComparisonTests" executed="False" result="NotRunnable">
                        <properties>
                          <property name="ndistribunit.agent-name" value="EPBYMINW1560 #001" />
                        </properties>
                        <reason>
                          <message><![CDATA[There was an error, when running 'TRR.O2I.UI.XMLComparisonTests.AkzoNobelSourcingRegressionTest']]></message>
                        </reason>
                        <results>
                          <test-suite type="TestFixture" name="TRR.O2I.UI.XMLComparisonTests.AkzoNobelSourcingRegressionTest" executed="False" result="NotRunnable">
                            <properties>
                              <property name="ndistribunit.agent-name" value="EPBYMINW1560 #001" />
                            </properties>
                            <reason>
                              <message><![CDATA[There was an error, when running 'TRR.O2I.UI.XMLComparisonTests.AkzoNobelSourcingRegressionTest']]></message>
                            </reason>
                          </test-suite>
                          <test-suite type="TestFixture" name="TRR.O2I.UI.XMLComparisonTests.ConsolEnergyTrip22" executed="False" result="NotRunnable">
                            <properties>
                              <property name="ndistribunit.agent-name" value="EPBYMINW1560 #003" />
                            </properties>
                            <reason>
                              <message><![CDATA[There was an error, when running 'TRR.O2I.UI.XMLComparisonTests.ConsolEnergyTrip22']]></message>
                            </reason>
                          </test-suite>
                          <test-suite type="TestFixture" name="TRR.O2I.UI.XMLComparisonTests.ConsolRegressionTest2" executed="False" result="NotRunnable">
                            <properties>
                              <property name="ndistribunit.agent-name" value="EPBYMINW1560 #003" />
                            </properties>
                            <reason>
                              <message><![CDATA[There was an error, when running 'TRR.O2I.UI.XMLComparisonTests.ConsolRegressionTest2']]></message>
                            </reason>
                          </test-suite>
                          <test-suite type="TestFixture" name="TRR.O2I.UI.XMLComparisonTests.ConsolRegressionTest3" executed="False" result="NotRunnable">
                            <properties>
                              <property name="ndistribunit.agent-name" value="EPBYMINW1560 #003" />
                            </properties>
                            <reason>
                              <message><![CDATA[There was an error, when running 'TRR.O2I.UI.XMLComparisonTests.ConsolRegressionTest3']]></message>
                            </reason>
                          </test-suite>
                          <test-suite type="TestFixture" name="TRR.O2I.UI.XMLComparisonTests.DowRegressionTest" executed="False" result="NotRunnable">
                            <properties>
                              <property name="ndistribunit.agent-name" value="EPBYMINW1560 #003" />
                            </properties>
                            <reason>
                              <message><![CDATA[There was an error, when running 'TRR.O2I.UI.XMLComparisonTests.DowRegressionTest']]></message>
                            </reason>
                          </test-suite>
                          <test-suite type="TestFixture" name="TRR.O2I.UI.XMLComparisonTests.ENISaipemPO1RegressionTest" executed="False" result="NotRunnable">
                            <properties>
                              <property name="ndistribunit.agent-name" value="EPBYMINW1560 #003" />
                            </properties>
                            <reason>
                              <message><![CDATA[There was an error, when running 'TRR.O2I.UI.XMLComparisonTests.ENISaipemPO1RegressionTest']]></message>
                            </reason>
                          </test-suite>
                          <test-suite type="TestFixture" name="TRR.O2I.UI.XMLComparisonTests.ConsolRegressionTest1" executed="False" result="NotRunnable">
                            <properties>
                              <property name="ndistribunit.agent-name" value="EPBYMINW1560 #001" />
                            </properties>
                            <reason>
                              <message><![CDATA[There was an error, when running 'TRR.O2I.UI.XMLComparisonTests.ConsolRegressionTest1']]></message>
                            </reason>
                          </test-suite>
                          <test-suite type="TestFixture" name="TRR.O2I.UI.XMLComparisonTests.ENISaipemPO2RegressionTest" executed="False" result="NotRunnable">
                            <properties>
                              <property name="ndistribunit.agent-name" value="EPBYMINW1560 #003" />
                            </properties>
                            <reason>
                              <message><![CDATA[There was an error, when running 'TRR.O2I.UI.XMLComparisonTests.ENISaipemPO2RegressionTest']]></message>
                            </reason>
                          </test-suite>
                          <test-suite type="TestFixture" name="TRR.O2I.UI.XMLComparisonTests.CelaneseRegressionTest" executed="False" result="NotRunnable">
                            <properties>
                              <property name="ndistribunit.agent-name" value="EPBYMINW1560 #002" />
                            </properties>
                            <reason>
                              <message><![CDATA[There was an error, when running 'TRR.O2I.UI.XMLComparisonTests.CelaneseRegressionTest']]></message>
                            </reason>
                          </test-suite>
                          <test-suite type="TestFixture" name="TRR.O2I.UI.XMLComparisonTests.ENISiecoTrip1" executed="False" result="NotRunnable">
                            <properties>
                              <property name="ndistribunit.agent-name" value="EPBYMINW1560 #001" />
                            </properties>
                            <reason>
                              <message><![CDATA[There was an error, when running 'TRR.O2I.UI.XMLComparisonTests.ENISiecoTrip1']]></message>
                            </reason>
                          </test-suite>
                          <test-suite type="TestFixture" name="TRR.O2I.UI.XMLComparisonTests.FrenchHubArkemaPO2RegressionTest" executed="False" result="NotRunnable">
                            <properties>
                              <property name="ndistribunit.agent-name" value="EPBYMINW1560 #002" />
                            </properties>
                            <reason>
                              <message><![CDATA[There was an error, when running 'TRR.O2I.UI.XMLComparisonTests.FrenchHubArkemaPO2RegressionTest']]></message>
                            </reason>
                          </test-suite>
                          <test-suite type="TestFixture" name="TRR.O2I.UI.XMLComparisonTests.FrenchHubArkemaPO1RegressionTest" executed="False" result="NotRunnable">
                            <properties>
                              <property name="ndistribunit.agent-name" value="EPBYMINW1560 #003" />
                            </properties>
                            <reason>
                              <message><![CDATA[There was an error, when running 'TRR.O2I.UI.XMLComparisonTests.FrenchHubArkemaPO1RegressionTest']]></message>
                            </reason>
                          </test-suite>
                          <test-suite type="TestFixture" name="TRR.O2I.UI.XMLComparisonTests.HoneyWellNewDocumentsTrip1" executed="False" result="NotRunnable">
                            <properties>
                              <property name="ndistribunit.agent-name" value="EPBYMINW1560 #001" />
                            </properties>
                            <reason>
                              <message><![CDATA[There was an error, when running 'TRR.O2I.UI.XMLComparisonTests.HoneyWellNewDocumentsTrip1']]></message>
                            </reason>
                          </test-suite>
                          <test-suite type="TestFixture" name="TRR.O2I.UI.XMLComparisonTests.HoneywellPO3RegressionTest" executed="False" result="NotRunnable">
                            <properties>
                              <property name="ndistribunit.agent-name" value="EPBYMINW1560 #001" />
                            </properties>
                            <reason>
                              <message><![CDATA[There was an error, when running 'TRR.O2I.UI.XMLComparisonTests.HoneywellPO3RegressionTest']]></message>
                            </reason>
                          </test-suite>
                          <test-suite type="TestFixture" name="TRR.O2I.UI.XMLComparisonTests.MaxRegressionTest" executed="False" result="NotRunnable">
                            <properties>
                              <property name="ndistribunit.agent-name" value="EPBYMINW1560 #001" />
                            </properties>
                            <reason>
                              <message><![CDATA[There was an error, when running 'TRR.O2I.UI.XMLComparisonTests.MaxRegressionTest']]></message>
                            </reason>
                          </test-suite>
                          <test-suite type="TestFixture" name="TRR.O2I.UI.XMLComparisonTests.MinRegressionTest" executed="False" result="NotRunnable">
                            <properties>
                              <property name="ndistribunit.agent-name" value="EPBYMINW1560 #001" />
                            </properties>
                            <reason>
                              <message><![CDATA[There was an error, when running 'TRR.O2I.UI.XMLComparisonTests.MinRegressionTest']]></message>
                            </reason>
                          </test-suite>
                          <test-suite type="TestFixture" name="TRR.O2I.UI.XMLComparisonTests.RepsolArgentinaRegressionTest" executed="False" result="NotRunnable">
                            <properties>
                              <property name="ndistribunit.agent-name" value="EPBYMINW1560 #001" />
                            </properties>
                            <reason>
                              <message><![CDATA[There was an error, when running 'TRR.O2I.UI.XMLComparisonTests.RepsolArgentinaRegressionTest']]></message>
                            </reason>
                          </test-suite>
                          <test-suite type="TestFixture" name="TRR.O2I.UI.XMLComparisonTests.HoneywellPO1RegressionTest" executed="False" result="NotRunnable">
                            <properties>
                              <property name="ndistribunit.agent-name" value="EPBYMINW1560 #002" />
                            </properties>
                            <reason>
                              <message><![CDATA[There was an error, when running 'TRR.O2I.UI.XMLComparisonTests.HoneywellPO1RegressionTest']]></message>
                            </reason>
                          </test-suite>
                          <test-suite type="TestFixture" name="TRR.O2I.UI.XMLComparisonTests.RepsolYPFQuimicaNewDocumentsTrip18" executed="False" result="NotRunnable">
                            <properties>
                              <property name="ndistribunit.agent-name" value="EPBYMINW1560 #001" />
                            </properties>
                            <reason>
                              <message><![CDATA[There was an error, when running 'TRR.O2I.UI.XMLComparisonTests.RepsolYPFQuimicaNewDocumentsTrip18']]></message>
                            </reason>
                          </test-suite>
                          <test-suite type="TestFixture" name="TRR.O2I.UI.XMLComparisonTests.HoneywellPO2RegressionTest" executed="False" result="NotRunnable">
                            <properties>
                              <property name="ndistribunit.agent-name" value="EPBYMINW1560 #003" />
                            </properties>
                            <reason>
                              <message><![CDATA[There was an error, when running 'TRR.O2I.UI.XMLComparisonTests.HoneywellPO2RegressionTest']]></message>
                            </reason>
                          </test-suite>
                          <test-suite type="TestFixture" name="TRR.O2I.UI.XMLComparisonTests.ShellCanadaPO1RegressionTest" executed="False" result="NotRunnable">
                            <properties>
                              <property name="ndistribunit.agent-name" value="EPBYMINW1560 #003" />
                            </properties>
                            <reason>
                              <message><![CDATA[There was an error, when running 'TRR.O2I.UI.XMLComparisonTests.ShellCanadaPO1RegressionTest']]></message>
                            </reason>
                          </test-suite>
                          <test-suite type="TestFixture" name="TRR.O2I.UI.XMLComparisonTests.RepsolYPFRegressonTest" executed="False" result="NotRunnable">
                            <properties>
                              <property name="ndistribunit.agent-name" value="EPBYMINW1560 #002" />
                            </properties>
                            <reason>
                              <message><![CDATA[There was an error, when running 'TRR.O2I.UI.XMLComparisonTests.RepsolYPFRegressonTest']]></message>
                            </reason>
                          </test-suite>
                          <test-suite type="TestFixture" name="TRR.O2I.UI.XMLComparisonTests.ShellCanadaPO2RegressionTest" executed="False" result="NotRunnable">
                            <properties>
                              <property name="ndistribunit.agent-name" value="EPBYMINW1560 #003" />
                            </properties>
                            <reason>
                              <message><![CDATA[There was an error, when running 'TRR.O2I.UI.XMLComparisonTests.ShellCanadaPO2RegressionTest']]></message>
                            </reason>
                          </test-suite>
                          <test-suite type="TestFixture" name="TRR.O2I.UI.XMLComparisonTests.ShellExplorationTrip1" executed="False" result="NotRunnable">
                            <properties>
                              <property name="ndistribunit.agent-name" value="EPBYMINW1560 #003" />
                            </properties>
                            <reason>
                              <message><![CDATA[There was an error, when running 'TRR.O2I.UI.XMLComparisonTests.ShellExplorationTrip1']]></message>
                            </reason>
                          </test-suite>
                          <test-suite type="TestFixture" name="TRR.O2I.UI.XMLComparisonTests.RepsolYPFQuimicaRegrassionTest" executed="False" result="NotRunnable">
                            <properties>
                              <property name="ndistribunit.agent-name" value="EPBYMINW1560 #001" />
                            </properties>
                            <reason>
                              <message><![CDATA[There was an error, when running 'TRR.O2I.UI.XMLComparisonTests.RepsolYPFQuimicaRegrassionTest']]></message>
                            </reason>
                          </test-suite>
                          <test-suite type="TestFixture" name="TRR.O2I.UI.XMLComparisonTests.ShellExplorationNewDocumentsTrip1" executed="False" result="NotRunnable">
                            <properties>
                              <property name="ndistribunit.agent-name" value="EPBYMINW1560 #002" />
                            </properties>
                            <reason>
                              <message><![CDATA[There was an error, when running 'TRR.O2I.UI.XMLComparisonTests.ShellExplorationNewDocumentsTrip1']]></message>
                            </reason>
                          </test-suite>
                          <test-suite type="TestFixture" name="TRR.O2I.UI.XMLComparisonTests.ShellLimitedTrip1" executed="False" result="NotRunnable">
                            <properties>
                              <property name="ndistribunit.agent-name" value="EPBYMINW1560 #003" />
                            </properties>
                            <reason>
                              <message><![CDATA[There was an error, when running 'TRR.O2I.UI.XMLComparisonTests.ShellLimitedTrip1']]></message>
                            </reason>
                          </test-suite>
                          <test-suite type="TestFixture" name="TRR.O2I.UI.XMLComparisonTests.SolvayTrip1" executed="False" result="NotRunnable">
                            <properties>
                              <property name="ndistribunit.agent-name" value="EPBYMINW1560 #002" />
                            </properties>
                            <reason>
                              <message><![CDATA[There was an error, when running 'TRR.O2I.UI.XMLComparisonTests.SolvayTrip1']]></message>
                            </reason>
                          </test-suite>
                          <test-suite type="TestFixture" name="TRR.O2I.UI.XMLComparisonTests.TotalPacteApplicationsTrip1" executed="False" result="NotRunnable">
                            <properties>
                              <property name="ndistribunit.agent-name" value="EPBYMINW1560 #003" />
                            </properties>
                            <reason>
                              <message><![CDATA[There was an error, when running 'TRR.O2I.UI.XMLComparisonTests.TotalPacteApplicationsTrip1']]></message>
                            </reason>
                          </test-suite>
                          <test-suite type="TestFixture" name="TRR.O2I.UI.XMLComparisonTests.ShellTRPTrip1" executed="False" result="NotRunnable">
                            <properties>
                              <property name="ndistribunit.agent-name" value="EPBYMINW1560 #001" />
                            </properties>
                            <reason>
                              <message><![CDATA[There was an error, when running 'TRR.O2I.UI.XMLComparisonTests.ShellTRPTrip1']]></message>
                            </reason>
                          </test-suite>
                        </results>
                      </test-suite>
                    </results>
                  </test-suite>
                </results>
              </test-suite>
            </results>
          </test-suite>
        </results>
      </test-suite>
    </results>
  </test-suite>
</test-results>